<?xml version="1.0" encoding="UTF-8"?>
<testsuite xmlns:xsi="http://www.w3.org/2001/XMLSchema-instance" xsi:noNamespaceSchemaLocation="https://maven.apache.org/surefire/maven-surefire-plugin/xsd/surefire-test-report.xsd" name="com.google.cloud.teleport.templates.common.DatastoreConvertersTest" time="0.027" tests="0" errors="0" skipped="0" failures="0">
  <properties>
    <property name="sun.desktop" value="gnome"/>
    <property name="awt.toolkit" value="sun.awt.X11.XToolkit"/>
    <property name="file.encoding.pkg" value="sun.io"/>
    <property name="nondexStart" value="0"/>
    <property name="java.specification.version" value="1.8"/>
    <property name="sun.cpu.isalist" value=""/>
    <property name="sun.jnu.encoding" value="UTF-8"/>
    <property name="java.class.path" value="/home/fedja/Desktop/fix/DataflowTemplates/target/test-classes:/home/fedja/Desktop/fix/DataflowTemplates/target/classes:/home/fedja/.m2/repository/org/apache/beam/beam-sdks-java-core/2.2.0/beam-sdks-java-core-2.2.0.jar:/home/fedja/.m2/repository/org/apache/avro/avro/1.8.2/avro-1.8.2.jar:/home/fedja/.m2/repository/org/codehaus/jackson/jackson-core-asl/1.9.13/jackson-core-asl-1.9.13.jar:/home/fedja/.m2/repository/org/codehaus/jackson/jackson-mapper-asl/1.9.13/jackson-mapper-asl-1.9.13.jar:/home/fedja/.m2/repository/com/thoughtworks/paranamer/paranamer/2.7/paranamer-2.7.jar:/home/fedja/.m2/repository/org/tukaani/xz/1.5/xz-1.5.jar:/home/fedja/.m2/repository/org/xerial/snappy/snappy-java/1.1.4/snappy-java-1.1.4.jar:/home/fedja/.m2/repository/org/apache/beam/beam-sdks-java-io-google-cloud-platform/2.2.0/beam-sdks-java-io-google-cloud-platform-2.2.0.jar:/home/fedja/.m2/repository/org/apache/beam/beam-sdks-java-extensions-google-cloud-platform-core/2.2.0/beam-sdks-java-extensions-google-cloud-platform-core-2.2.0.jar:/home/fedja/.m2/repository/com/google/cloud/bigdataoss/gcsio/1.4.5/gcsio-1.4.5.jar:/home/fedja/.m2/repository/com/google/apis/google-api-services-cloudresourcemanager/v1-rev6-1.22.0/google-api-services-cloudresourcemanager-v1-rev6-1.22.0.jar:/home/fedja/.m2/repository/org/apache/beam/beam-sdks-java-extensions-protobuf/2.2.0/beam-sdks-java-extensions-protobuf-2.2.0.jar:/home/fedja/.m2/repository/io/grpc/grpc-core/1.2.0/grpc-core-1.2.0.jar:/home/fedja/.m2/repository/com/google/errorprone/error_prone_annotations/2.0.11/error_prone_annotations-2.0.11.jar:/home/fedja/.m2/repository/io/grpc/grpc-context/1.2.0/grpc-context-1.2.0.jar:/home/fedja/.m2/repository/com/google/instrumentation/instrumentation-api/0.3.0/instrumentation-api-0.3.0.jar:/home/fedja/.m2/repository/com/google/api/gax-grpc/0.20.0/gax-grpc-0.20.0.jar:/home/fedja/.m2/repository/io/grpc/grpc-protobuf/1.2.0/grpc-protobuf-1.2.0.jar:/home/fedja/.m2/repository/com/google/api/api-common/1.1.0/api-common-1.1.0.jar:/home/fedja/.m2/repository/com/google/auto/value/auto-value/1.2/auto-value-1.2.jar:/home/fedja/.m2/repository/com/google/api/gax/1.3.1/gax-1.3.1.jar:/home/fedja/.m2/repository/org/threeten/threetenbp/1.3.3/threetenbp-1.3.3.jar:/home/fedja/.m2/repository/com/google/cloud/google-cloud-core-grpc/1.2.0/google-cloud-core-grpc-1.2.0.jar:/home/fedja/.m2/repository/com/google/apis/google-api-services-pubsub/v1-rev10-1.22.0/google-api-services-pubsub-v1-rev10-1.22.0.jar:/home/fedja/.m2/repository/com/google/api/grpc/grpc-google-cloud-pubsub-v1/0.1.18/grpc-google-cloud-pubsub-v1-0.1.18.jar:/home/fedja/.m2/repository/com/google/api/grpc/proto-google-cloud-pubsub-v1/0.1.18/proto-google-cloud-pubsub-v1-0.1.18.jar:/home/fedja/.m2/repository/com/google/api/grpc/proto-google-iam-v1/0.1.18/proto-google-iam-v1-0.1.18.jar:/home/fedja/.m2/repository/com/google/cloud/bigdataoss/util/1.4.5/util-1.4.5.jar:/home/fedja/.m2/repository/com/google/api-client/google-api-client-java6/1.20.0/google-api-client-java6-1.20.0.jar:/home/fedja/.m2/repository/com/google/api-client/google-api-client-jackson2/1.20.0/google-api-client-jackson2-1.20.0.jar:/home/fedja/.m2/repository/com/google/oauth-client/google-oauth-client/1.20.0/google-oauth-client-1.20.0.jar:/home/fedja/.m2/repository/com/google/oauth-client/google-oauth-client-java6/1.20.0/google-oauth-client-java6-1.20.0.jar:/home/fedja/.m2/repository/com/google/cloud/datastore/datastore-v1-proto-client/1.4.0/datastore-v1-proto-client-1.4.0.jar:/home/fedja/.m2/repository/com/google/http-client/google-http-client-protobuf/1.20.0/google-http-client-protobuf-1.20.0.jar:/home/fedja/.m2/repository/com/google/http-client/google-http-client-jackson/1.20.0/google-http-client-jackson-1.20.0.jar:/home/fedja/.m2/repository/io/grpc/grpc-auth/1.2.0/grpc-auth-1.2.0.jar:/home/fedja/.m2/repository/io/grpc/grpc-netty/1.2.0/grpc-netty-1.2.0.jar:/home/fedja/.m2/repository/io/netty/netty-codec-http2/4.1.8.Final/netty-codec-http2-4.1.8.Final.jar:/home/fedja/.m2/repository/io/netty/netty-codec-http/4.1.8.Final/netty-codec-http-4.1.8.Final.jar:/home/fedja/.m2/repository/io/netty/netty-handler-proxy/4.1.8.Final/netty-handler-proxy-4.1.8.Final.jar:/home/fedja/.m2/repository/io/netty/netty-codec-socks/4.1.8.Final/netty-codec-socks-4.1.8.Final.jar:/home/fedja/.m2/repository/io/netty/netty-handler/4.1.8.Final/netty-handler-4.1.8.Final.jar:/home/fedja/.m2/repository/io/netty/netty-buffer/4.1.8.Final/netty-buffer-4.1.8.Final.jar:/home/fedja/.m2/repository/io/netty/netty-common/4.1.8.Final/netty-common-4.1.8.Final.jar:/home/fedja/.m2/repository/io/netty/netty-transport/4.1.8.Final/netty-transport-4.1.8.Final.jar:/home/fedja/.m2/repository/io/netty/netty-resolver/4.1.8.Final/netty-resolver-4.1.8.Final.jar:/home/fedja/.m2/repository/io/netty/netty-codec/4.1.8.Final/netty-codec-4.1.8.Final.jar:/home/fedja/.m2/repository/io/grpc/grpc-stub/1.2.0/grpc-stub-1.2.0.jar:/home/fedja/.m2/repository/io/grpc/grpc-all/1.2.0/grpc-all-1.2.0.jar:/home/fedja/.m2/repository/io/grpc/grpc-okhttp/1.2.0/grpc-okhttp-1.2.0.jar:/home/fedja/.m2/repository/com/squareup/okhttp/okhttp/2.5.0/okhttp-2.5.0.jar:/home/fedja/.m2/repository/com/squareup/okio/okio/1.6.0/okio-1.6.0.jar:/home/fedja/.m2/repository/io/grpc/grpc-protobuf-lite/1.2.0/grpc-protobuf-lite-1.2.0.jar:/home/fedja/.m2/repository/io/grpc/grpc-protobuf-nano/1.2.0/grpc-protobuf-nano-1.2.0.jar:/home/fedja/.m2/repository/com/google/protobuf/nano/protobuf-javanano/3.0.0-alpha-5/protobuf-javanano-3.0.0-alpha-5.jar:/home/fedja/.m2/repository/com/google/cloud/google-cloud-core/1.0.2/google-cloud-core-1.0.2.jar:/home/fedja/.m2/repository/com/google/cloud/google-cloud-spanner/0.20.0-beta/google-cloud-spanner-0.20.0-beta.jar:/home/fedja/.m2/repository/com/google/api/grpc/proto-google-cloud-spanner-v1/0.1.11/proto-google-cloud-spanner-v1-0.1.11.jar:/home/fedja/.m2/repository/com/google/api/grpc/proto-google-cloud-spanner-admin-instance-v1/0.1.11/proto-google-cloud-spanner-admin-instance-v1-0.1.11.jar:/home/fedja/.m2/repository/com/google/api/grpc/grpc-google-cloud-spanner-v1/0.1.11/grpc-google-cloud-spanner-v1-0.1.11.jar:/home/fedja/.m2/repository/com/google/api/grpc/grpc-google-cloud-spanner-admin-database-v1/0.1.11/grpc-google-cloud-spanner-admin-database-v1-0.1.11.jar:/home/fedja/.m2/repository/com/google/api/grpc/grpc-google-cloud-spanner-admin-instance-v1/0.1.11/grpc-google-cloud-spanner-admin-instance-v1-0.1.11.jar:/home/fedja/.m2/repository/com/google/api/grpc/grpc-google-longrunning-v1/0.1.11/grpc-google-longrunning-v1-0.1.11.jar:/home/fedja/.m2/repository/com/google/api/grpc/proto-google-longrunning-v1/0.1.11/proto-google-longrunning-v1-0.1.11.jar:/home/fedja/.m2/repository/com/google/cloud/bigtable/bigtable-protos/1.0.0-pre3/bigtable-protos-1.0.0-pre3.jar:/home/fedja/.m2/repository/com/google/cloud/bigtable/bigtable-client-core/1.0.0-pre3/bigtable-client-core-1.0.0-pre3.jar:/home/fedja/.m2/repository/commons-logging/commons-logging/1.2/commons-logging-1.2.jar:/home/fedja/.m2/repository/com/google/auth/google-auth-library-appengine/0.7.0/google-auth-library-appengine-0.7.0.jar:/home/fedja/.m2/repository/io/dropwizard/metrics/metrics-core/3.1.2/metrics-core-3.1.2.jar:/home/fedja/.m2/repository/com/google/api-client/google-api-client/1.22.0/google-api-client-1.22.0.jar:/home/fedja/.m2/repository/com/google/http-client/google-http-client/1.22.0/google-http-client-1.22.0.jar:/home/fedja/.m2/repository/org/apache/httpcomponents/httpclient/4.0.1/httpclient-4.0.1.jar:/home/fedja/.m2/repository/org/apache/httpcomponents/httpcore/4.0.1/httpcore-4.0.1.jar:/home/fedja/.m2/repository/commons-codec/commons-codec/1.3/commons-codec-1.3.jar:/home/fedja/.m2/repository/com/google/http-client/google-http-client-jackson2/1.22.0/google-http-client-jackson2-1.22.0.jar:/home/fedja/.m2/repository/com/google/auth/google-auth-library-credentials/0.7.1/google-auth-library-credentials-0.7.1.jar:/home/fedja/.m2/repository/com/google/auth/google-auth-library-oauth2-http/0.7.1/google-auth-library-oauth2-http-0.7.1.jar:/home/fedja/.m2/repository/io/netty/netty-tcnative-boringssl-static/1.1.33.Fork26/netty-tcnative-boringssl-static-1.1.33.Fork26.jar:/home/fedja/.m2/repository/com/google/api/grpc/proto-google-cloud-spanner-admin-database-v1/0.1.9/proto-google-cloud-spanner-admin-database-v1-0.1.9.jar:/home/fedja/.m2/repository/com/google/api/grpc/proto-google-common-protos/0.1.9/proto-google-common-protos-0.1.9.jar:/home/fedja/.m2/repository/org/apache/beam/beam-runners-google-cloud-dataflow-java/2.2.0/beam-runners-google-cloud-dataflow-java-2.2.0.jar:/home/fedja/.m2/repository/org/apache/beam/beam-sdks-common-runner-api/2.2.0/beam-sdks-common-runner-api-2.2.0.jar:/home/fedja/.m2/repository/com/google/apis/google-api-services-dataflow/v1b3-rev213-1.22.0/google-api-services-dataflow-v1b3-rev213-1.22.0.jar:/home/fedja/.m2/repository/com/google/apis/google-api-services-clouddebugger/v2-rev8-1.22.0/google-api-services-clouddebugger-v2-rev8-1.22.0.jar:/home/fedja/.m2/repository/com/google/apis/google-api-services-storage/v1-rev71-1.22.0/google-api-services-storage-v1-rev71-1.22.0.jar:/home/fedja/.m2/repository/org/apache/beam/beam-runners-direct-java/2.2.0/beam-runners-direct-java-2.2.0.jar:/home/fedja/.m2/repository/org/hamcrest/hamcrest-library/1.2.1/hamcrest-library-1.2.1.jar:/home/fedja/.m2/repository/junit/junit-dep/4.10/junit-dep-4.10.jar:/home/fedja/.m2/repository/org/mockito/mockito-core/2.8.9/mockito-core-2.8.9.jar:/home/fedja/.m2/repository/net/bytebuddy/byte-buddy/1.6.14/byte-buddy-1.6.14.jar:/home/fedja/.m2/repository/net/bytebuddy/byte-buddy-agent/1.6.14/byte-buddy-agent-1.6.14.jar:/home/fedja/.m2/repository/org/objenesis/objenesis/2.5/objenesis-2.5.jar:/home/fedja/.m2/repository/org/slf4j/slf4j-api/1.7.25/slf4j-api-1.7.25.jar:/home/fedja/.m2/repository/joda-time/joda-time/2.4/joda-time-2.4.jar:/home/fedja/.m2/repository/com/google/cloud/datastore/datastore-v1-protos/1.3.0/datastore-v1-protos-1.3.0.jar:/home/fedja/.m2/repository/com/google/api/grpc/grpc-google-common-protos/0.1.0/grpc-google-common-protos-0.1.0.jar:/home/fedja/.m2/repository/com/google/apis/google-api-services-bigquery/v2-rev355-1.22.0/google-api-services-bigquery-v2-rev355-1.22.0.jar:/home/fedja/.m2/repository/com/google/protobuf/protobuf-java/3.4.0/protobuf-java-3.4.0.jar:/home/fedja/.m2/repository/com/google/protobuf/protobuf-java-util/3.3.1/protobuf-java-util-3.3.1.jar:/home/fedja/.m2/repository/com/google/code/findbugs/jsr305/3.0.1/jsr305-3.0.1.jar:/home/fedja/.m2/repository/com/google/guava/guava/20.0/guava-20.0.jar:/home/fedja/.m2/repository/org/json/json/20160810/json-20160810.jar:/home/fedja/.m2/repository/com/google/code/gson/gson/2.7/gson-2.7.jar:/home/fedja/.m2/repository/org/apache/commons/commons-compress/1.8.1/commons-compress-1.8.1.jar:/home/fedja/.m2/repository/org/hamcrest/hamcrest-core/1.2.1/hamcrest-core-1.2.1.jar:/home/fedja/.m2/repository/junit/junit/4.12/junit-4.12.jar:/home/fedja/.m2/repository/com/fasterxml/jackson/core/jackson-core/2.8.8/jackson-core-2.8.8.jar:/home/fedja/.m2/repository/com/fasterxml/jackson/core/jackson-databind/2.8.8/jackson-databind-2.8.8.jar:/home/fedja/.m2/repository/com/fasterxml/jackson/core/jackson-annotations/2.8.8/jackson-annotations-2.8.8.jar:"/>
    <property name="java.vm.vendor" value="Private Build"/>
    <property name="nondexPrintstack" value="false"/>
    <property name="sun.arch.data.model" value="64"/>
    <property name="nondexRuns" value="10"/>
    <property name="java.vendor.url" value="http://java.oracle.com/"/>
    <property name="user.timezone" value=""/>
    <property name="os.name" value="Linux"/>
    <property name="java.vm.specification.version" value="1.8"/>
    <property name="user.country" value="US"/>
    <property name="sun.java.launcher" value="SUN_STANDARD"/>
    <property name="sun.boot.library.path" value="/usr/lib/jvm/java-8-openjdk-amd64/jre/lib/amd64"/>
    <property name="nondexLogging" value="CONFIG"/>
    <property name="sun.java.command" value="/home/fedja/Desktop/fix/DataflowTemplates/target/surefire/surefirebooter4854194063285025074.jar /home/fedja/Desktop/fix/DataflowTemplates/target/surefire 2024-02-10T05-19-03_795-jvmRun1 surefire6048049666285677574tmp surefire_09125936012767206329tmp"/>
    <property name="test" value="com.google.cloud.teleport.templates.common.DatastoreConvertersTest#testCheckNoKeyAllInvalid"/>
    <property name="surefire.test.class.path" value="/home/fedja/Desktop/fix/DataflowTemplates/target/test-classes:/home/fedja/Desktop/fix/DataflowTemplates/target/classes:/home/fedja/.m2/repository/org/apache/beam/beam-sdks-java-core/2.2.0/beam-sdks-java-core-2.2.0.jar:/home/fedja/.m2/repository/org/apache/avro/avro/1.8.2/avro-1.8.2.jar:/home/fedja/.m2/repository/org/codehaus/jackson/jackson-core-asl/1.9.13/jackson-core-asl-1.9.13.jar:/home/fedja/.m2/repository/org/codehaus/jackson/jackson-mapper-asl/1.9.13/jackson-mapper-asl-1.9.13.jar:/home/fedja/.m2/repository/com/thoughtworks/paranamer/paranamer/2.7/paranamer-2.7.jar:/home/fedja/.m2/repository/org/tukaani/xz/1.5/xz-1.5.jar:/home/fedja/.m2/repository/org/xerial/snappy/snappy-java/1.1.4/snappy-java-1.1.4.jar:/home/fedja/.m2/repository/org/apache/beam/beam-sdks-java-io-google-cloud-platform/2.2.0/beam-sdks-java-io-google-cloud-platform-2.2.0.jar:/home/fedja/.m2/repository/org/apache/beam/beam-sdks-java-extensions-google-cloud-platform-core/2.2.0/beam-sdks-java-extensions-google-cloud-platform-core-2.2.0.jar:/home/fedja/.m2/repository/com/google/cloud/bigdataoss/gcsio/1.4.5/gcsio-1.4.5.jar:/home/fedja/.m2/repository/com/google/apis/google-api-services-cloudresourcemanager/v1-rev6-1.22.0/google-api-services-cloudresourcemanager-v1-rev6-1.22.0.jar:/home/fedja/.m2/repository/org/apache/beam/beam-sdks-java-extensions-protobuf/2.2.0/beam-sdks-java-extensions-protobuf-2.2.0.jar:/home/fedja/.m2/repository/io/grpc/grpc-core/1.2.0/grpc-core-1.2.0.jar:/home/fedja/.m2/repository/com/google/errorprone/error_prone_annotations/2.0.11/error_prone_annotations-2.0.11.jar:/home/fedja/.m2/repository/io/grpc/grpc-context/1.2.0/grpc-context-1.2.0.jar:/home/fedja/.m2/repository/com/google/instrumentation/instrumentation-api/0.3.0/instrumentation-api-0.3.0.jar:/home/fedja/.m2/repository/com/google/api/gax-grpc/0.20.0/gax-grpc-0.20.0.jar:/home/fedja/.m2/repository/io/grpc/grpc-protobuf/1.2.0/grpc-protobuf-1.2.0.jar:/home/fedja/.m2/repository/com/google/api/api-common/1.1.0/api-common-1.1.0.jar:/home/fedja/.m2/repository/com/google/auto/value/auto-value/1.2/auto-value-1.2.jar:/home/fedja/.m2/repository/com/google/api/gax/1.3.1/gax-1.3.1.jar:/home/fedja/.m2/repository/org/threeten/threetenbp/1.3.3/threetenbp-1.3.3.jar:/home/fedja/.m2/repository/com/google/cloud/google-cloud-core-grpc/1.2.0/google-cloud-core-grpc-1.2.0.jar:/home/fedja/.m2/repository/com/google/apis/google-api-services-pubsub/v1-rev10-1.22.0/google-api-services-pubsub-v1-rev10-1.22.0.jar:/home/fedja/.m2/repository/com/google/api/grpc/grpc-google-cloud-pubsub-v1/0.1.18/grpc-google-cloud-pubsub-v1-0.1.18.jar:/home/fedja/.m2/repository/com/google/api/grpc/proto-google-cloud-pubsub-v1/0.1.18/proto-google-cloud-pubsub-v1-0.1.18.jar:/home/fedja/.m2/repository/com/google/api/grpc/proto-google-iam-v1/0.1.18/proto-google-iam-v1-0.1.18.jar:/home/fedja/.m2/repository/com/google/cloud/bigdataoss/util/1.4.5/util-1.4.5.jar:/home/fedja/.m2/repository/com/google/api-client/google-api-client-java6/1.20.0/google-api-client-java6-1.20.0.jar:/home/fedja/.m2/repository/com/google/api-client/google-api-client-jackson2/1.20.0/google-api-client-jackson2-1.20.0.jar:/home/fedja/.m2/repository/com/google/oauth-client/google-oauth-client/1.20.0/google-oauth-client-1.20.0.jar:/home/fedja/.m2/repository/com/google/oauth-client/google-oauth-client-java6/1.20.0/google-oauth-client-java6-1.20.0.jar:/home/fedja/.m2/repository/com/google/cloud/datastore/datastore-v1-proto-client/1.4.0/datastore-v1-proto-client-1.4.0.jar:/home/fedja/.m2/repository/com/google/http-client/google-http-client-protobuf/1.20.0/google-http-client-protobuf-1.20.0.jar:/home/fedja/.m2/repository/com/google/http-client/google-http-client-jackson/1.20.0/google-http-client-jackson-1.20.0.jar:/home/fedja/.m2/repository/io/grpc/grpc-auth/1.2.0/grpc-auth-1.2.0.jar:/home/fedja/.m2/repository/io/grpc/grpc-netty/1.2.0/grpc-netty-1.2.0.jar:/home/fedja/.m2/repository/io/netty/netty-codec-http2/4.1.8.Final/netty-codec-http2-4.1.8.Final.jar:/home/fedja/.m2/repository/io/netty/netty-codec-http/4.1.8.Final/netty-codec-http-4.1.8.Final.jar:/home/fedja/.m2/repository/io/netty/netty-handler-proxy/4.1.8.Final/netty-handler-proxy-4.1.8.Final.jar:/home/fedja/.m2/repository/io/netty/netty-codec-socks/4.1.8.Final/netty-codec-socks-4.1.8.Final.jar:/home/fedja/.m2/repository/io/netty/netty-handler/4.1.8.Final/netty-handler-4.1.8.Final.jar:/home/fedja/.m2/repository/io/netty/netty-buffer/4.1.8.Final/netty-buffer-4.1.8.Final.jar:/home/fedja/.m2/repository/io/netty/netty-common/4.1.8.Final/netty-common-4.1.8.Final.jar:/home/fedja/.m2/repository/io/netty/netty-transport/4.1.8.Final/netty-transport-4.1.8.Final.jar:/home/fedja/.m2/repository/io/netty/netty-resolver/4.1.8.Final/netty-resolver-4.1.8.Final.jar:/home/fedja/.m2/repository/io/netty/netty-codec/4.1.8.Final/netty-codec-4.1.8.Final.jar:/home/fedja/.m2/repository/io/grpc/grpc-stub/1.2.0/grpc-stub-1.2.0.jar:/home/fedja/.m2/repository/io/grpc/grpc-all/1.2.0/grpc-all-1.2.0.jar:/home/fedja/.m2/repository/io/grpc/grpc-okhttp/1.2.0/grpc-okhttp-1.2.0.jar:/home/fedja/.m2/repository/com/squareup/okhttp/okhttp/2.5.0/okhttp-2.5.0.jar:/home/fedja/.m2/repository/com/squareup/okio/okio/1.6.0/okio-1.6.0.jar:/home/fedja/.m2/repository/io/grpc/grpc-protobuf-lite/1.2.0/grpc-protobuf-lite-1.2.0.jar:/home/fedja/.m2/repository/io/grpc/grpc-protobuf-nano/1.2.0/grpc-protobuf-nano-1.2.0.jar:/home/fedja/.m2/repository/com/google/protobuf/nano/protobuf-javanano/3.0.0-alpha-5/protobuf-javanano-3.0.0-alpha-5.jar:/home/fedja/.m2/repository/com/google/cloud/google-cloud-core/1.0.2/google-cloud-core-1.0.2.jar:/home/fedja/.m2/repository/com/google/cloud/google-cloud-spanner/0.20.0-beta/google-cloud-spanner-0.20.0-beta.jar:/home/fedja/.m2/repository/com/google/api/grpc/proto-google-cloud-spanner-v1/0.1.11/proto-google-cloud-spanner-v1-0.1.11.jar:/home/fedja/.m2/repository/com/google/api/grpc/proto-google-cloud-spanner-admin-instance-v1/0.1.11/proto-google-cloud-spanner-admin-instance-v1-0.1.11.jar:/home/fedja/.m2/repository/com/google/api/grpc/grpc-google-cloud-spanner-v1/0.1.11/grpc-google-cloud-spanner-v1-0.1.11.jar:/home/fedja/.m2/repository/com/google/api/grpc/grpc-google-cloud-spanner-admin-database-v1/0.1.11/grpc-google-cloud-spanner-admin-database-v1-0.1.11.jar:/home/fedja/.m2/repository/com/google/api/grpc/grpc-google-cloud-spanner-admin-instance-v1/0.1.11/grpc-google-cloud-spanner-admin-instance-v1-0.1.11.jar:/home/fedja/.m2/repository/com/google/api/grpc/grpc-google-longrunning-v1/0.1.11/grpc-google-longrunning-v1-0.1.11.jar:/home/fedja/.m2/repository/com/google/api/grpc/proto-google-longrunning-v1/0.1.11/proto-google-longrunning-v1-0.1.11.jar:/home/fedja/.m2/repository/com/google/cloud/bigtable/bigtable-protos/1.0.0-pre3/bigtable-protos-1.0.0-pre3.jar:/home/fedja/.m2/repository/com/google/cloud/bigtable/bigtable-client-core/1.0.0-pre3/bigtable-client-core-1.0.0-pre3.jar:/home/fedja/.m2/repository/commons-logging/commons-logging/1.2/commons-logging-1.2.jar:/home/fedja/.m2/repository/com/google/auth/google-auth-library-appengine/0.7.0/google-auth-library-appengine-0.7.0.jar:/home/fedja/.m2/repository/io/dropwizard/metrics/metrics-core/3.1.2/metrics-core-3.1.2.jar:/home/fedja/.m2/repository/com/google/api-client/google-api-client/1.22.0/google-api-client-1.22.0.jar:/home/fedja/.m2/repository/com/google/http-client/google-http-client/1.22.0/google-http-client-1.22.0.jar:/home/fedja/.m2/repository/org/apache/httpcomponents/httpclient/4.0.1/httpclient-4.0.1.jar:/home/fedja/.m2/repository/org/apache/httpcomponents/httpcore/4.0.1/httpcore-4.0.1.jar:/home/fedja/.m2/repository/commons-codec/commons-codec/1.3/commons-codec-1.3.jar:/home/fedja/.m2/repository/com/google/http-client/google-http-client-jackson2/1.22.0/google-http-client-jackson2-1.22.0.jar:/home/fedja/.m2/repository/com/google/auth/google-auth-library-credentials/0.7.1/google-auth-library-credentials-0.7.1.jar:/home/fedja/.m2/repository/com/google/auth/google-auth-library-oauth2-http/0.7.1/google-auth-library-oauth2-http-0.7.1.jar:/home/fedja/.m2/repository/io/netty/netty-tcnative-boringssl-static/1.1.33.Fork26/netty-tcnative-boringssl-static-1.1.33.Fork26.jar:/home/fedja/.m2/repository/com/google/api/grpc/proto-google-cloud-spanner-admin-database-v1/0.1.9/proto-google-cloud-spanner-admin-database-v1-0.1.9.jar:/home/fedja/.m2/repository/com/google/api/grpc/proto-google-common-protos/0.1.9/proto-google-common-protos-0.1.9.jar:/home/fedja/.m2/repository/org/apache/beam/beam-runners-google-cloud-dataflow-java/2.2.0/beam-runners-google-cloud-dataflow-java-2.2.0.jar:/home/fedja/.m2/repository/org/apache/beam/beam-sdks-common-runner-api/2.2.0/beam-sdks-common-runner-api-2.2.0.jar:/home/fedja/.m2/repository/com/google/apis/google-api-services-dataflow/v1b3-rev213-1.22.0/google-api-services-dataflow-v1b3-rev213-1.22.0.jar:/home/fedja/.m2/repository/com/google/apis/google-api-services-clouddebugger/v2-rev8-1.22.0/google-api-services-clouddebugger-v2-rev8-1.22.0.jar:/home/fedja/.m2/repository/com/google/apis/google-api-services-storage/v1-rev71-1.22.0/google-api-services-storage-v1-rev71-1.22.0.jar:/home/fedja/.m2/repository/org/apache/beam/beam-runners-direct-java/2.2.0/beam-runners-direct-java-2.2.0.jar:/home/fedja/.m2/repository/org/hamcrest/hamcrest-library/1.2.1/hamcrest-library-1.2.1.jar:/home/fedja/.m2/repository/junit/junit-dep/4.10/junit-dep-4.10.jar:/home/fedja/.m2/repository/org/mockito/mockito-core/2.8.9/mockito-core-2.8.9.jar:/home/fedja/.m2/repository/net/bytebuddy/byte-buddy/1.6.14/byte-buddy-1.6.14.jar:/home/fedja/.m2/repository/net/bytebuddy/byte-buddy-agent/1.6.14/byte-buddy-agent-1.6.14.jar:/home/fedja/.m2/repository/org/objenesis/objenesis/2.5/objenesis-2.5.jar:/home/fedja/.m2/repository/org/slf4j/slf4j-api/1.7.25/slf4j-api-1.7.25.jar:/home/fedja/.m2/repository/joda-time/joda-time/2.4/joda-time-2.4.jar:/home/fedja/.m2/repository/com/google/cloud/datastore/datastore-v1-protos/1.3.0/datastore-v1-protos-1.3.0.jar:/home/fedja/.m2/repository/com/google/api/grpc/grpc-google-common-protos/0.1.0/grpc-google-common-protos-0.1.0.jar:/home/fedja/.m2/repository/com/google/apis/google-api-services-bigquery/v2-rev355-1.22.0/google-api-services-bigquery-v2-rev355-1.22.0.jar:/home/fedja/.m2/repository/com/google/protobuf/protobuf-java/3.4.0/protobuf-java-3.4.0.jar:/home/fedja/.m2/repository/com/google/protobuf/protobuf-java-util/3.3.1/protobuf-java-util-3.3.1.jar:/home/fedja/.m2/repository/com/google/code/findbugs/jsr305/3.0.1/jsr305-3.0.1.jar:/home/fedja/.m2/repository/com/google/guava/guava/20.0/guava-20.0.jar:/home/fedja/.m2/repository/org/json/json/20160810/json-20160810.jar:/home/fedja/.m2/repository/com/google/code/gson/gson/2.7/gson-2.7.jar:/home/fedja/.m2/repository/org/apache/commons/commons-compress/1.8.1/commons-compress-1.8.1.jar:/home/fedja/.m2/repository/org/hamcrest/hamcrest-core/1.2.1/hamcrest-core-1.2.1.jar:/home/fedja/.m2/repository/junit/junit/4.12/junit-4.12.jar:/home/fedja/.m2/repository/com/fasterxml/jackson/core/jackson-core/2.8.8/jackson-core-2.8.8.jar:/home/fedja/.m2/repository/com/fasterxml/jackson/core/jackson-databind/2.8.8/jackson-databind-2.8.8.jar:/home/fedja/.m2/repository/com/fasterxml/jackson/core/jackson-annotations/2.8.8/jackson-annotations-2.8.8.jar:"/>
    <property name="nondexExecid" value="clean_od+diXB8v5FeOrP7KQvN9VAHxy2a7EcP4Um5uO6zy4="/>
    <property name="sun.cpu.endian" value="little"/>
    <property name="user.home" value="/home/fedja"/>
    <property name="user.language" value="en"/>
    <property name="java.specification.vendor" value="Oracle Corporation"/>
    <property name="java.home" value="/usr/lib/jvm/java-8-openjdk-amd64/jre"/>
    <property name="basedir" value="/home/fedja/Desktop/fix/DataflowTemplates"/>
    <property name="file.separator" value="/"/>
    <property name="nondexEnd" value="9223372036854775807"/>
    <property name="line.separator" value="&#10;"/>
    <property name="java.vm.specification.vendor" value="Oracle Corporation"/>
    <property name="java.specification.name" value="Java Platform API Specification"/>
    <property name="java.awt.graphicsenv" value="sun.awt.X11GraphicsEnvironment"/>
    <property name="nondexFilter" value=".*"/>
    <property name="nondexSeed" value="933178"/>
    <property name="surefire.real.class.path" value="/home/fedja/Desktop/fix/DataflowTemplates/target/surefire/surefirebooter4854194063285025074.jar"/>
    <property name="sun.boot.class.path" value="/usr/lib/jvm/java-8-openjdk-amd64/jre/lib/resources.jar:/usr/lib/jvm/java-8-openjdk-amd64/jre/lib/rt.jar:/usr/lib/jvm/java-8-openjdk-amd64/jre/lib/sunrsasign.jar:/usr/lib/jvm/java-8-openjdk-amd64/jre/lib/jsse.jar:/usr/lib/jvm/java-8-openjdk-amd64/jre/lib/jce.jar:/usr/lib/jvm/java-8-openjdk-amd64/jre/lib/charsets.jar:/usr/lib/jvm/java-8-openjdk-amd64/jre/lib/jfr.jar:/usr/lib/jvm/java-8-openjdk-amd64/jre/classes"/>
    <property name="sun.management.compiler" value="HotSpot 64-Bit Tiered Compilers"/>
    <property name="java.runtime.version" value="1.8.0_392-8u392-ga-1~22.04-b08"/>
    <property name="user.name" value="fedja"/>
    <property name="path.separator" value=":"/>
    <property name="os.version" value="6.5.0-17-generic"/>
    <property name="java.endorsed.dirs" value="/usr/lib/jvm/java-8-openjdk-amd64/jre/lib/endorsed"/>
    <property name="java.runtime.name" value="OpenJDK Runtime Environment"/>
    <property name="file.encoding" value="UTF-8"/>
    <property name="java.vm.name" value="OpenJDK 64-Bit Server VM"/>
    <property name="localRepository" value="/home/fedja/.m2/repository"/>
    <property name="nondexDir" value="/home/fedja/Desktop/fix/DataflowTemplates/.nondex"/>
    <property name="nondexJarDir" value=".nondex"/>
    <property name="java.vendor.url.bug" value="http://bugreport.sun.com/bugreport/"/>
    <property name="java.io.tmpdir" value="/tmp"/>
    <property name="java.version" value="1.8.0_392"/>
    <property name="user.dir" value="/home/fedja/Desktop/fix/DataflowTemplates"/>
    <property name="os.arch" value="amd64"/>
    <property name="nondexMode" value="FULL"/>
    <property name="java.vm.specification.name" value="Java Virtual Machine Specification"/>
    <property name="java.awt.printerjob" value="sun.print.PSPrinterJob"/>
    <property name="sun.os.patch.level" value="unknown"/>
    <property name="java.library.path" value="/usr/java/packages/lib/amd64:/usr/lib/x86_64-linux-gnu/jni:/lib/x86_64-linux-gnu:/usr/lib/x86_64-linux-gnu:/usr/lib/jni:/lib:/usr/lib"/>
    <property name="java.vm.info" value="mixed mode"/>
    <property name="java.vendor" value="Private Build"/>
    <property name="java.vm.version" value="25.392-b08"/>
    <property name="java.specification.maintenance.version" value="5"/>
    <property name="java.ext.dirs" value="/usr/lib/jvm/java-8-openjdk-amd64/jre/lib/ext:/usr/java/packages/lib/ext"/>
    <property name="sun.io.unicode.encoding" value="UnicodeLittle"/>
    <property name="java.class.version" value="52.0"/>
  </properties>
</testsuite>