<?xml version="1.0" encoding="UTF-8"?>
<testsuite xmlns:xsi="http://www.w3.org/2001/XMLSchema-instance" xsi:noNamespaceSchemaLocation="https://maven.apache.org/surefire/maven-surefire-plugin/xsd/surefire-test-report.xsd" name="com.google.cloud.teleport.templates.common.DatastoreConvertersTest" time="3.97" tests="1" errors="0" skipped="0" failures="0">
  <properties>
    <property name="sun.desktop" value="gnome"/>
    <property name="awt.toolkit" value="sun.awt.X11.XToolkit"/>
    <property name="java.specification.version" value="11"/>
    <property name="nondexStart" value="0"/>
    <property name="sun.cpu.isalist" value=""/>
    <property name="sun.jnu.encoding" value="UTF-8"/>
    <property name="java.class.path" value="/home/fedja/Desktop/fix/DataflowTemplates/v1/target/test-classes:/home/fedja/Desktop/fix/DataflowTemplates/v1/target/classes:/home/fedja/.m2/repository/com/google/cloud/teleport/metadata/metadata/1.0-SNAPSHOT/metadata-1.0-SNAPSHOT.jar:/home/fedja/.m2/repository/org/apache/beam/beam-sdks-java-core/2.53.0/beam-sdks-java-core-2.53.0.jar:/home/fedja/.m2/repository/org/apache/beam/beam-model-pipeline/2.53.0/beam-model-pipeline-2.53.0.jar:/home/fedja/.m2/repository/org/apache/beam/beam-model-job-management/2.53.0/beam-model-job-management-2.53.0.jar:/home/fedja/.m2/repository/org/apache/beam/beam-vendor-grpc-1_54_0/0.1/beam-vendor-grpc-1_54_0-0.1.jar:/home/fedja/.m2/repository/org/apache/beam/beam-vendor-guava-32_1_2-jre/0.1/beam-vendor-guava-32_1_2-jre-0.1.jar:/home/fedja/.m2/repository/net/bytebuddy/byte-buddy/1.12.14/byte-buddy-1.12.14.jar:/home/fedja/.m2/repository/com/google/code/findbugs/jsr305/3.0.2/jsr305-3.0.2.jar:/home/fedja/.m2/repository/com/google/errorprone/error_prone_annotations/2.10.0/error_prone_annotations-2.10.0.jar:/home/fedja/.m2/repository/com/fasterxml/jackson/core/jackson-core/2.14.1/jackson-core-2.14.1.jar:/home/fedja/.m2/repository/com/fasterxml/jackson/core/jackson-annotations/2.14.1/jackson-annotations-2.14.1.jar:/home/fedja/.m2/repository/com/fasterxml/jackson/core/jackson-databind/2.14.1/jackson-databind-2.14.1.jar:/home/fedja/.m2/repository/org/slf4j/slf4j-api/1.7.30/slf4j-api-1.7.30.jar:/home/fedja/.m2/repository/org/xerial/snappy/snappy-java/1.1.10.4/snappy-java-1.1.10.4.jar:/home/fedja/.m2/repository/joda-time/joda-time/2.10.10/joda-time-2.10.10.jar:/home/fedja/.m2/repository/org/apache/beam/beam-sdks-java-extensions-avro/2.53.0/beam-sdks-java-extensions-avro-2.53.0.jar:/home/fedja/.m2/repository/org/checkerframework/checker-qual/3.27.0/checker-qual-3.27.0.jar:/home/fedja/.m2/repository/org/apache/avro/avro/1.11.3/avro-1.11.3.jar:/home/fedja/.m2/repository/org/apache/commons/commons-compress/1.22/commons-compress-1.22.jar:/home/fedja/.m2/repository/org/apache/beam/beam-sdks-java-io-google-cloud-platform/2.53.0/beam-sdks-java-io-google-cloud-platform-2.53.0.jar:/home/fedja/.m2/repository/org/apache/beam/beam-runners-core-java/2.53.0/beam-runners-core-java-2.53.0.jar:/home/fedja/.m2/repository/org/apache/beam/beam-sdks-java-fn-execution/2.53.0/beam-sdks-java-fn-execution-2.53.0.jar:/home/fedja/.m2/repository/org/apache/beam/beam-sdks-java-harness/2.53.0/beam-sdks-java-harness-2.53.0.jar:/home/fedja/.m2/repository/org/apache/beam/beam-sdks-java-expansion-service/2.53.0/beam-sdks-java-expansion-service-2.53.0.jar:/home/fedja/.m2/repository/org/apache/beam/beam-model-fn-execution/2.53.0/beam-model-fn-execution-2.53.0.jar:/home/fedja/.m2/repository/org/apache/beam/beam-runners-java-fn-execution/2.53.0/beam-runners-java-fn-execution-2.53.0.jar:/home/fedja/.m2/repository/com/fasterxml/jackson/dataformat/jackson-dataformat-yaml/2.14.1/jackson-dataformat-yaml-2.14.1.jar:/home/fedja/.m2/repository/org/yaml/snakeyaml/2.0/snakeyaml-2.0.jar:/home/fedja/.m2/repository/org/apache/beam/beam-runners-core-construction-java/2.53.0/beam-runners-core-construction-java-2.53.0.jar:/home/fedja/.m2/repository/org/apache/beam/beam-sdks-java-transform-service-launcher/2.53.0/beam-sdks-java-transform-service-launcher-2.53.0.jar:/home/fedja/.m2/repository/args4j/args4j/2.33/args4j-2.33.jar:/home/fedja/.m2/repository/io/github/classgraph/classgraph/4.8.162/classgraph-4.8.162.jar:/home/fedja/.m2/repository/org/apache/beam/beam-sdks-java-extensions-arrow/2.53.0/beam-sdks-java-extensions-arrow-2.53.0.jar:/home/fedja/.m2/repository/com/google/cloud/bigdataoss/util/2.2.16/util-2.2.16.jar:/home/fedja/.m2/repository/com/google/api-client/google-api-client-jackson2/2.2.0/google-api-client-jackson2-2.2.0.jar:/home/fedja/.m2/repository/com/google/apis/google-api-services-iamcredentials/v1-rev20211203-2.0.0/google-api-services-iamcredentials-v1-rev20211203-2.0.0.jar:/home/fedja/.m2/repository/com/google/flogger/google-extensions/0.7.1/google-extensions-0.7.1.jar:/home/fedja/.m2/repository/com/google/flogger/flogger-system-backend/0.7.4/flogger-system-backend-0.7.4.jar:/home/fedja/.m2/repository/com/google/flogger/flogger/0.7.4/flogger-0.7.4.jar:/home/fedja/.m2/repository/com/google/api/gax/2.38.0/gax-2.38.0.jar:/home/fedja/.m2/repository/com/google/api/gax-grpc/2.38.0/gax-grpc-2.38.0.jar:/home/fedja/.m2/repository/com/google/api/gax-httpjson/2.38.0/gax-httpjson-2.38.0.jar:/home/fedja/.m2/repository/com/google/api-client/google-api-client/2.2.0/google-api-client-2.2.0.jar:/home/fedja/.m2/repository/com/google/api/api-common/2.21.0/api-common-2.21.0.jar:/home/fedja/.m2/repository/com/google/apis/google-api-services-bigquery/v2-rev20230812-2.0.0/google-api-services-bigquery-v2-rev20230812-2.0.0.jar:/home/fedja/.m2/repository/com/google/apis/google-api-services-healthcare/v1-rev20231101-2.0.0/google-api-services-healthcare-v1-rev20231101-2.0.0.jar:/home/fedja/.m2/repository/com/google/apis/google-api-services-pubsub/v1-rev20220904-2.0.0/google-api-services-pubsub-v1-rev20220904-2.0.0.jar:/home/fedja/.m2/repository/com/google/apis/google-api-services-storage/v1-rev20231202-2.0.0/google-api-services-storage-v1-rev20231202-2.0.0.jar:/home/fedja/.m2/repository/com/google/auth/google-auth-library-credentials/1.20.0/google-auth-library-credentials-1.20.0.jar:/home/fedja/.m2/repository/com/google/auth/google-auth-library-oauth2-http/1.20.0/google-auth-library-oauth2-http-1.20.0.jar:/home/fedja/.m2/repository/com/google/cloud/google-cloud-bigquerystorage/2.47.0/google-cloud-bigquerystorage-2.47.0.jar:/home/fedja/.m2/repository/com/google/cloud/bigtable/bigtable-client-core-config/1.28.0/bigtable-client-core-config-1.28.0.jar:/home/fedja/.m2/repository/com/google/cloud/google-cloud-core/2.28.0/google-cloud-core-2.28.0.jar:/home/fedja/.m2/repository/com/google/cloud/google-cloud-core-grpc/2.28.0/google-cloud-core-grpc-2.28.0.jar:/home/fedja/.m2/repository/com/google/cloud/datastore/datastore-v1-proto-client/2.17.1/datastore-v1-proto-client-2.17.1.jar:/home/fedja/.m2/repository/com/google/http-client/google-http-client-protobuf/1.43.3/google-http-client-protobuf-1.43.3.jar:/home/fedja/.m2/repository/com/google/cloud/google-cloud-firestore/3.15.7/google-cloud-firestore-3.15.7.jar:/home/fedja/.m2/repository/com/google/cloud/proto-google-cloud-firestore-bundle-v1/3.15.7/proto-google-cloud-firestore-bundle-v1-3.15.7.jar:/home/fedja/.m2/repository/com/google/cloud/google-cloud-pubsublite/1.12.19/google-cloud-pubsublite-1.12.19.jar:/home/fedja/.m2/repository/com/google/cloud/google-cloud-pubsub/1.125.13/google-cloud-pubsub-1.125.13.jar:/home/fedja/.m2/repository/com/google/code/gson/gson/2.10.1/gson-2.10.1.jar:/home/fedja/.m2/repository/com/google/http-client/google-http-client-jackson2/1.43.3/google-http-client-jackson2-1.43.3.jar:/home/fedja/.m2/repository/com/google/oauth-client/google-oauth-client/1.34.1/google-oauth-client-1.34.1.jar:/home/fedja/.m2/repository/io/grpc/grpc-alts/1.59.1/grpc-alts-1.59.1.jar:/home/fedja/.m2/repository/io/grpc/grpc-api/1.59.1/grpc-api-1.59.1.jar:/home/fedja/.m2/repository/io/grpc/grpc-auth/1.59.1/grpc-auth-1.59.1.jar:/home/fedja/.m2/repository/io/grpc/grpc-core/1.59.1/grpc-core-1.59.1.jar:/home/fedja/.m2/repository/io/grpc/grpc-census/1.59.1/grpc-census-1.59.1.jar:/home/fedja/.m2/repository/io/opencensus/opencensus-contrib-grpc-metrics/0.31.1/opencensus-contrib-grpc-metrics-0.31.1.jar:/home/fedja/.m2/repository/io/grpc/grpc-context/1.59.1/grpc-context-1.59.1.jar:/home/fedja/.m2/repository/io/grpc/grpc-grpclb/1.59.1/grpc-grpclb-1.59.1.jar:/home/fedja/.m2/repository/io/grpc/grpc-netty/1.59.1/grpc-netty-1.59.1.jar:/home/fedja/.m2/repository/io/netty/netty-codec-http2/4.1.97.Final/netty-codec-http2-4.1.97.Final.jar:/home/fedja/.m2/repository/io/netty/netty-handler-proxy/4.1.97.Final/netty-handler-proxy-4.1.97.Final.jar:/home/fedja/.m2/repository/io/netty/netty-transport-native-unix-common/4.1.97.Final/netty-transport-native-unix-common-4.1.97.Final.jar:/home/fedja/.m2/repository/io/grpc/grpc-netty-shaded/1.59.1/grpc-netty-shaded-1.59.1.jar:/home/fedja/.m2/repository/io/grpc/grpc-protobuf/1.59.1/grpc-protobuf-1.59.1.jar:/home/fedja/.m2/repository/io/grpc/grpc-stub/1.59.1/grpc-stub-1.59.1.jar:/home/fedja/.m2/repository/io/grpc/grpc-xds/1.59.1/grpc-xds-1.59.1.jar:/home/fedja/.m2/repository/com/google/api/grpc/grpc-google-cloud-pubsub-v1/1.107.13/grpc-google-cloud-pubsub-v1-1.107.13.jar:/home/fedja/.m2/repository/com/google/api/grpc/grpc-google-cloud-pubsublite-v1/1.12.19/grpc-google-cloud-pubsublite-v1-1.12.19.jar:/home/fedja/.m2/repository/com/google/guava/guava/32.1.2-jre/guava-32.1.2-jre.jar:/home/fedja/.m2/repository/org/apache/httpcomponents/httpclient/4.5.13/httpclient-4.5.13.jar:/home/fedja/.m2/repository/org/apache/httpcomponents/httpcore/4.4.14/httpcore-4.4.14.jar:/home/fedja/.m2/repository/com/fasterxml/jackson/datatype/jackson-datatype-joda/2.14.1/jackson-datatype-joda-2.14.1.jar:/home/fedja/.m2/repository/com/fasterxml/jackson/datatype/jackson-datatype-jsr310/2.14.1/jackson-datatype-jsr310-2.14.1.jar:/home/fedja/.m2/repository/io/netty/netty-handler/4.1.87.Final/netty-handler-4.1.87.Final.jar:/home/fedja/.m2/repository/io/netty/netty-resolver/4.1.87.Final/netty-resolver-4.1.87.Final.jar:/home/fedja/.m2/repository/io/netty/netty-tcnative-boringssl-static/2.0.52.Final/netty-tcnative-boringssl-static-2.0.52.Final.jar:/home/fedja/.m2/repository/io/netty/netty-tcnative-classes/2.0.52.Final/netty-tcnative-classes-2.0.52.Final.jar:/home/fedja/.m2/repository/io/netty/netty-tcnative-boringssl-static/2.0.52.Final/netty-tcnative-boringssl-static-2.0.52.Final-linux-x86_64.jar:/home/fedja/.m2/repository/io/netty/netty-tcnative-boringssl-static/2.0.52.Final/netty-tcnative-boringssl-static-2.0.52.Final-linux-aarch_64.jar:/home/fedja/.m2/repository/io/netty/netty-tcnative-boringssl-static/2.0.52.Final/netty-tcnative-boringssl-static-2.0.52.Final-osx-x86_64.jar:/home/fedja/.m2/repository/io/netty/netty-tcnative-boringssl-static/2.0.52.Final/netty-tcnative-boringssl-static-2.0.52.Final-osx-aarch_64.jar:/home/fedja/.m2/repository/io/netty/netty-tcnative-boringssl-static/2.0.52.Final/netty-tcnative-boringssl-static-2.0.52.Final-windows-x86_64.jar:/home/fedja/.m2/repository/com/google/api/grpc/proto-google-cloud-bigquerystorage-v1/2.47.0/proto-google-cloud-bigquerystorage-v1-2.47.0.jar:/home/fedja/.m2/repository/com/google/api/grpc/proto-google-cloud-bigtable-v2/2.30.0/proto-google-cloud-bigtable-v2-2.30.0.jar:/home/fedja/.m2/repository/com/google/api/grpc/proto-google-cloud-datastore-v1/0.108.6/proto-google-cloud-datastore-v1-0.108.6.jar:/home/fedja/.m2/repository/com/google/api/grpc/proto-google-cloud-firestore-v1/3.15.7/proto-google-cloud-firestore-v1-3.15.7.jar:/home/fedja/.m2/repository/com/google/api/grpc/proto-google-cloud-pubsub-v1/1.107.13/proto-google-cloud-pubsub-v1-1.107.13.jar:/home/fedja/.m2/repository/com/google/api/grpc/proto-google-cloud-pubsublite-v1/1.12.19/proto-google-cloud-pubsublite-v1-1.12.19.jar:/home/fedja/.m2/repository/com/google/api/grpc/proto-google-cloud-spanner-admin-database-v1/6.45.3/proto-google-cloud-spanner-admin-database-v1-6.45.3.jar:/home/fedja/.m2/repository/com/google/api/grpc/proto-google-cloud-spanner-v1/6.45.3/proto-google-cloud-spanner-v1-6.45.3.jar:/home/fedja/.m2/repository/com/google/api/grpc/proto-google-common-protos/2.29.0/proto-google-common-protos-2.29.0.jar:/home/fedja/.m2/repository/com/google/protobuf/protobuf-java/3.25.1/protobuf-java-3.25.1.jar:/home/fedja/.m2/repository/com/google/protobuf/protobuf-java-util/3.25.1/protobuf-java-util-3.25.1.jar:/home/fedja/.m2/repository/org/apache/arrow/arrow-memory-core/5.0.0/arrow-memory-core-5.0.0.jar:/home/fedja/.m2/repository/org/apache/arrow/arrow-vector/5.0.0/arrow-vector-5.0.0.jar:/home/fedja/.m2/repository/com/google/http-client/google-http-client-gson/1.43.3/google-http-client-gson-1.43.3.jar:/home/fedja/.m2/repository/com/google/cloud/google-cloud-spanner/6.45.3/google-cloud-spanner-6.45.3.jar:/home/fedja/.m2/repository/com/google/cloud/grpc-gcp/1.5.0/grpc-gcp-1.5.0.jar:/home/fedja/.m2/repository/com/google/android/annotations/4.1.1.4/annotations-4.1.1.4.jar:/home/fedja/.m2/repository/org/codehaus/mojo/animal-sniffer-annotations/1.23/animal-sniffer-annotations-1.23.jar:/home/fedja/.m2/repository/io/perfmark/perfmark-api/0.26.0/perfmark-api-0.26.0.jar:/home/fedja/.m2/repository/io/grpc/grpc-protobuf-lite/1.59.1/grpc-protobuf-lite-1.59.1.jar:/home/fedja/.m2/repository/com/google/api/grpc/grpc-google-common-protos/2.29.0/grpc-google-common-protos-2.29.0.jar:/home/fedja/.m2/repository/com/google/guava/failureaccess/1.0.1/failureaccess-1.0.1.jar:/home/fedja/.m2/repository/com/google/guava/listenablefuture/9999.0-empty-to-avoid-conflict-with-guava/listenablefuture-9999.0-empty-to-avoid-conflict-with-guava.jar:/home/fedja/.m2/repository/com/google/j2objc/j2objc-annotations/2.8/j2objc-annotations-2.8.jar:/home/fedja/.m2/repository/com/google/api/grpc/proto-google-iam-v1/1.24.0/proto-google-iam-v1-1.24.0.jar:/home/fedja/.m2/repository/io/opencensus/opencensus-contrib-grpc-util/0.31.1/opencensus-contrib-grpc-util-0.31.1.jar:/home/fedja/.m2/repository/commons-logging/commons-logging/1.2/commons-logging-1.2.jar:/home/fedja/.m2/repository/io/opencensus/opencensus-contrib-http-util/0.31.1/opencensus-contrib-http-util-0.31.1.jar:/home/fedja/.m2/repository/com/google/api/grpc/proto-google-cloud-spanner-admin-instance-v1/6.45.3/proto-google-cloud-spanner-admin-instance-v1-6.45.3.jar:/home/fedja/.m2/repository/com/google/api/grpc/grpc-google-cloud-spanner-admin-instance-v1/6.45.3/grpc-google-cloud-spanner-admin-instance-v1-6.45.3.jar:/home/fedja/.m2/repository/com/google/api/grpc/grpc-google-cloud-spanner-v1/6.45.3/grpc-google-cloud-spanner-v1-6.45.3.jar:/home/fedja/.m2/repository/com/google/api/grpc/grpc-google-cloud-spanner-admin-database-v1/6.45.3/grpc-google-cloud-spanner-admin-database-v1-6.45.3.jar:/home/fedja/.m2/repository/org/conscrypt/conscrypt-openjdk-uber/2.5.2/conscrypt-openjdk-uber-2.5.2.jar:/home/fedja/.m2/repository/io/grpc/grpc-googleapis/1.59.1/grpc-googleapis-1.59.1.jar:/home/fedja/.m2/repository/io/opencensus/opencensus-proto/0.2.0/opencensus-proto-0.2.0.jar:/home/fedja/.m2/repository/io/grpc/grpc-services/1.59.1/grpc-services-1.59.1.jar:/home/fedja/.m2/repository/io/grpc/grpc-rls/1.59.1/grpc-rls-1.59.1.jar:/home/fedja/.m2/repository/javax/annotation/javax.annotation-api/1.3.2/javax.annotation-api-1.3.2.jar:/home/fedja/.m2/repository/org/threeten/threetenbp/1.4.4/threetenbp-1.4.4.jar:/home/fedja/.m2/repository/org/apache/beam/beam-sdks-java-extensions-google-cloud-platform-core/2.53.0/beam-sdks-java-extensions-google-cloud-platform-core-2.53.0.jar:/home/fedja/.m2/repository/com/google/cloud/bigdataoss/gcsio/2.2.16/gcsio-2.2.16.jar:/home/fedja/.m2/repository/com/google/api/grpc/grpc-google-cloud-storage-v2/2.30.1-alpha/grpc-google-cloud-storage-v2-2.30.1-alpha.jar:/home/fedja/.m2/repository/io/opencensus/opencensus-impl/0.31.0/opencensus-impl-0.31.0.jar:/home/fedja/.m2/repository/io/opencensus/opencensus-impl-core/0.31.0/opencensus-impl-core-0.31.0.jar:/home/fedja/.m2/repository/io/opencensus/opencensus-exporter-stats-stackdriver/0.31.0/opencensus-exporter-stats-stackdriver-0.31.0.jar:/home/fedja/.m2/repository/io/opencensus/opencensus-contrib-exemplar-util/0.31.0/opencensus-contrib-exemplar-util-0.31.0.jar:/home/fedja/.m2/repository/io/opencensus/opencensus-contrib-resource-util/0.31.0/opencensus-contrib-resource-util-0.31.0.jar:/home/fedja/.m2/repository/io/opencensus/opencensus-exporter-metrics-util/0.31.0/opencensus-exporter-metrics-util-0.31.0.jar:/home/fedja/.m2/repository/com/google/apis/google-api-services-cloudresourcemanager/v1-rev20230806-2.0.0/google-api-services-cloudresourcemanager-v1-rev20230806-2.0.0.jar:/home/fedja/.m2/repository/org/apache/beam/beam-sdks-java-extensions-protobuf/2.53.0/beam-sdks-java-extensions-protobuf-2.53.0.jar:/home/fedja/.m2/repository/org/apache/beam/beam-runners-google-cloud-dataflow-java/2.53.0/beam-runners-google-cloud-dataflow-java-2.53.0.jar:/home/fedja/.m2/repository/org/apache/beam/beam-sdks-java-io-kafka/2.53.0/beam-sdks-java-io-kafka-2.53.0.jar:/home/fedja/.m2/repository/io/confluent/kafka-avro-serializer/5.3.2/kafka-avro-serializer-5.3.2.jar:/home/fedja/.m2/repository/io/confluent/common-config/5.3.2/common-config-5.3.2.jar:/home/fedja/.m2/repository/io/confluent/common-utils/5.3.2/common-utils-5.3.2.jar:/home/fedja/.m2/repository/com/101tec/zkclient/0.10/zkclient-0.10.jar:/home/fedja/.m2/repository/io/confluent/kafka-schema-registry-client/5.3.2/kafka-schema-registry-client-5.3.2.jar:/home/fedja/.m2/repository/com/google/apis/google-api-services-dataflow/v1b3-rev20220920-2.0.0/google-api-services-dataflow-v1b3-rev20220920-2.0.0.jar:/home/fedja/.m2/repository/org/hamcrest/hamcrest/2.1/hamcrest-2.1.jar:/home/fedja/.m2/repository/org/apache/beam/beam-runners-direct-java/2.53.0/beam-runners-direct-java-2.53.0.jar:/home/fedja/.m2/repository/org/apache/beam/beam-sdks-java-io-jdbc/2.53.0/beam-sdks-java-io-jdbc-2.53.0.jar:/home/fedja/.m2/repository/org/apache/commons/commons-dbcp2/2.9.0/commons-dbcp2-2.9.0.jar:/home/fedja/.m2/repository/org/apache/commons/commons-pool2/2.11.1/commons-pool2-2.11.1.jar:/home/fedja/.m2/repository/org/apache/beam/beam-sdks-java-io-cassandra/2.53.0/beam-sdks-java-io-cassandra-2.53.0.jar:/home/fedja/.m2/repository/com/datastax/cassandra/cassandra-driver-mapping/3.10.2/cassandra-driver-mapping-3.10.2.jar:/home/fedja/.m2/repository/com/datastax/cassandra/cassandra-driver-core/3.6.0/cassandra-driver-core-3.6.0.jar:/home/fedja/.m2/repository/io/dropwizard/metrics/metrics-core/3.2.2/metrics-core-3.2.2.jar:/home/fedja/.m2/repository/com/github/jnr/jnr-ffi/2.1.7/jnr-ffi-2.1.7.jar:/home/fedja/.m2/repository/org/ow2/asm/asm-analysis/5.0.3/asm-analysis-5.0.3.jar:/home/fedja/.m2/repository/com/github/jnr/jnr-x86asm/1.0.2/jnr-x86asm-1.0.2.jar:/home/fedja/.m2/repository/com/github/jnr/jnr-posix/3.0.44/jnr-posix-3.0.44.jar:/home/fedja/.m2/repository/com/github/jnr/jnr-constants/0.9.9/jnr-constants-0.9.9.jar:/home/fedja/.m2/repository/org/apache/hadoop/hadoop-mapreduce-client-core/3.3.6/hadoop-mapreduce-client-core-3.3.6.jar:/home/fedja/.m2/repository/org/apache/hadoop/hadoop-yarn-client/3.3.6/hadoop-yarn-client-3.3.6.jar:/home/fedja/.m2/repository/org/eclipse/jetty/websocket/websocket-client/9.4.51.v20230217/websocket-client-9.4.51.v20230217.jar:/home/fedja/.m2/repository/org/eclipse/jetty/jetty-client/9.4.51.v20230217/jetty-client-9.4.51.v20230217.jar:/home/fedja/.m2/repository/org/eclipse/jetty/websocket/websocket-common/9.4.51.v20230217/websocket-common-9.4.51.v20230217.jar:/home/fedja/.m2/repository/org/eclipse/jetty/websocket/websocket-api/9.4.51.v20230217/websocket-api-9.4.51.v20230217.jar:/home/fedja/.m2/repository/org/apache/hadoop/hadoop-yarn-api/3.3.6/hadoop-yarn-api-3.3.6.jar:/home/fedja/.m2/repository/org/jline/jline/3.9.0/jline-3.9.0.jar:/home/fedja/.m2/repository/org/apache/hadoop/hadoop-yarn-common/3.3.6/hadoop-yarn-common-3.3.6.jar:/home/fedja/.m2/repository/javax/xml/bind/jaxb-api/2.2.11/jaxb-api-2.2.11.jar:/home/fedja/.m2/repository/com/sun/jersey/jersey-client/1.19.4/jersey-client-1.19.4.jar:/home/fedja/.m2/repository/com/google/inject/guice/4.0/guice-4.0.jar:/home/fedja/.m2/repository/javax/inject/javax.inject/1/javax.inject-1.jar:/home/fedja/.m2/repository/aopalliance/aopalliance/1.0/aopalliance-1.0.jar:/home/fedja/.m2/repository/com/sun/jersey/contribs/jersey-guice/1.19.4/jersey-guice-1.19.4.jar:/home/fedja/.m2/repository/com/fasterxml/jackson/module/jackson-module-jaxb-annotations/2.14.1/jackson-module-jaxb-annotations-2.14.1.jar:/home/fedja/.m2/repository/com/fasterxml/jackson/jaxrs/jackson-jaxrs-json-provider/2.14.1/jackson-jaxrs-json-provider-2.14.1.jar:/home/fedja/.m2/repository/com/fasterxml/jackson/jaxrs/jackson-jaxrs-base/2.14.1/jackson-jaxrs-base-2.14.1.jar:/home/fedja/.m2/repository/org/apache/hadoop/hadoop-hdfs-client/3.3.6/hadoop-hdfs-client-3.3.6.jar:/home/fedja/.m2/repository/com/squareup/okhttp3/okhttp/4.9.3/okhttp-4.9.3.jar:/home/fedja/.m2/repository/org/jetbrains/kotlin/kotlin-stdlib/1.4.10/kotlin-stdlib-1.4.10.jar:/home/fedja/.m2/repository/org/jetbrains/kotlin/kotlin-stdlib-common/1.4.10/kotlin-stdlib-common-1.4.10.jar:/home/fedja/.m2/repository/org/slf4j/slf4j-reload4j/1.7.36/slf4j-reload4j-1.7.36.jar:/home/fedja/.m2/repository/org/apache/hadoop/hadoop-annotations/3.3.6/hadoop-annotations-3.3.6.jar:/home/fedja/.m2/repository/com/google/inject/extensions/guice-servlet/4.0/guice-servlet-4.0.jar:/home/fedja/.m2/repository/io/netty/netty/3.10.6.Final/netty-3.10.6.Final.jar:/home/fedja/.m2/repository/org/apache/hadoop/hadoop-common/3.3.6/hadoop-common-3.3.6.jar:/home/fedja/.m2/repository/org/apache/hadoop/thirdparty/hadoop-shaded-protobuf_3_7/1.1.1/hadoop-shaded-protobuf_3_7-1.1.1.jar:/home/fedja/.m2/repository/org/apache/hadoop/thirdparty/hadoop-shaded-guava/1.1.1/hadoop-shaded-guava-1.1.1.jar:/home/fedja/.m2/repository/commons-cli/commons-cli/1.2/commons-cli-1.2.jar:/home/fedja/.m2/repository/org/apache/commons/commons-math3/3.1.1/commons-math3-3.1.1.jar:/home/fedja/.m2/repository/commons-net/commons-net/3.9.0/commons-net-3.9.0.jar:/home/fedja/.m2/repository/commons-collections/commons-collections/3.2.2/commons-collections-3.2.2.jar:/home/fedja/.m2/repository/javax/servlet/javax.servlet-api/3.1.0/javax.servlet-api-3.1.0.jar:/home/fedja/.m2/repository/jakarta/activation/jakarta.activation-api/1.2.1/jakarta.activation-api-1.2.1.jar:/home/fedja/.m2/repository/org/eclipse/jetty/jetty-server/9.4.51.v20230217/jetty-server-9.4.51.v20230217.jar:/home/fedja/.m2/repository/org/eclipse/jetty/jetty-http/9.4.51.v20230217/jetty-http-9.4.51.v20230217.jar:/home/fedja/.m2/repository/org/eclipse/jetty/jetty-io/9.4.51.v20230217/jetty-io-9.4.51.v20230217.jar:/home/fedja/.m2/repository/org/eclipse/jetty/jetty-util/9.4.51.v20230217/jetty-util-9.4.51.v20230217.jar:/home/fedja/.m2/repository/org/eclipse/jetty/jetty-servlet/9.4.51.v20230217/jetty-servlet-9.4.51.v20230217.jar:/home/fedja/.m2/repository/org/eclipse/jetty/jetty-security/9.4.51.v20230217/jetty-security-9.4.51.v20230217.jar:/home/fedja/.m2/repository/org/eclipse/jetty/jetty-util-ajax/9.4.51.v20230217/jetty-util-ajax-9.4.51.v20230217.jar:/home/fedja/.m2/repository/org/eclipse/jetty/jetty-webapp/9.4.51.v20230217/jetty-webapp-9.4.51.v20230217.jar:/home/fedja/.m2/repository/org/eclipse/jetty/jetty-xml/9.4.51.v20230217/jetty-xml-9.4.51.v20230217.jar:/home/fedja/.m2/repository/javax/servlet/jsp/jsp-api/2.1/jsp-api-2.1.jar:/home/fedja/.m2/repository/com/sun/jersey/jersey-core/1.19.4/jersey-core-1.19.4.jar:/home/fedja/.m2/repository/javax/ws/rs/jsr311-api/1.1.1/jsr311-api-1.1.1.jar:/home/fedja/.m2/repository/com/sun/jersey/jersey-servlet/1.19.4/jersey-servlet-1.19.4.jar:/home/fedja/.m2/repository/com/github/pjfanning/jersey-json/1.20/jersey-json-1.20.jar:/home/fedja/.m2/repository/org/codehaus/jettison/jettison/1.5.4/jettison-1.5.4.jar:/home/fedja/.m2/repository/com/sun/xml/bind/jaxb-impl/2.2.3-1/jaxb-impl-2.2.3-1.jar:/home/fedja/.m2/repository/com/sun/jersey/jersey-server/1.19.4/jersey-server-1.19.4.jar:/home/fedja/.m2/repository/ch/qos/reload4j/reload4j/1.2.22/reload4j-1.2.22.jar:/home/fedja/.m2/repository/commons-beanutils/commons-beanutils/1.9.4/commons-beanutils-1.9.4.jar:/home/fedja/.m2/repository/org/apache/commons/commons-configuration2/2.8.0/commons-configuration2-2.8.0.jar:/home/fedja/.m2/repository/org/apache/hadoop/hadoop-auth/3.3.6/hadoop-auth-3.3.6.jar:/home/fedja/.m2/repository/com/nimbusds/nimbus-jose-jwt/9.8.1/nimbus-jose-jwt-9.8.1.jar:/home/fedja/.m2/repository/org/apache/curator/curator-framework/5.2.0/curator-framework-5.2.0.jar:/home/fedja/.m2/repository/org/apache/kerby/kerb-simplekdc/1.0.1/kerb-simplekdc-1.0.1.jar:/home/fedja/.m2/repository/org/apache/kerby/kerb-client/1.0.1/kerb-client-1.0.1.jar:/home/fedja/.m2/repository/org/apache/kerby/kerby-config/1.0.1/kerby-config-1.0.1.jar:/home/fedja/.m2/repository/org/apache/kerby/kerb-common/1.0.1/kerb-common-1.0.1.jar:/home/fedja/.m2/repository/org/apache/kerby/kerb-crypto/1.0.1/kerb-crypto-1.0.1.jar:/home/fedja/.m2/repository/org/apache/kerby/kerb-util/1.0.1/kerb-util-1.0.1.jar:/home/fedja/.m2/repository/org/apache/kerby/token-provider/1.0.1/token-provider-1.0.1.jar:/home/fedja/.m2/repository/org/apache/kerby/kerb-admin/1.0.1/kerb-admin-1.0.1.jar:/home/fedja/.m2/repository/org/apache/kerby/kerb-server/1.0.1/kerb-server-1.0.1.jar:/home/fedja/.m2/repository/org/apache/kerby/kerb-identity/1.0.1/kerb-identity-1.0.1.jar:/home/fedja/.m2/repository/org/apache/kerby/kerby-xdr/1.0.1/kerby-xdr-1.0.1.jar:/home/fedja/.m2/repository/com/jcraft/jsch/0.1.55/jsch-0.1.55.jar:/home/fedja/.m2/repository/org/apache/curator/curator-client/5.2.0/curator-client-5.2.0.jar:/home/fedja/.m2/repository/org/apache/curator/curator-recipes/5.2.0/curator-recipes-5.2.0.jar:/home/fedja/.m2/repository/org/apache/zookeeper/zookeeper/3.6.3/zookeeper-3.6.3.jar:/home/fedja/.m2/repository/org/apache/zookeeper/zookeeper-jute/3.6.3/zookeeper-jute-3.6.3.jar:/home/fedja/.m2/repository/io/netty/netty-transport-native-epoll/4.1.63.Final/netty-transport-native-epoll-4.1.63.Final.jar:/home/fedja/.m2/repository/org/slf4j/slf4j-log4j12/1.7.25/slf4j-log4j12-1.7.25.jar:/home/fedja/.m2/repository/log4j/log4j/1.2.17/log4j-1.2.17.jar:/home/fedja/.m2/repository/org/apache/kerby/kerb-core/1.0.1/kerb-core-1.0.1.jar:/home/fedja/.m2/repository/org/apache/kerby/kerby-pkix/1.0.1/kerby-pkix-1.0.1.jar:/home/fedja/.m2/repository/org/apache/kerby/kerby-asn1/1.0.1/kerby-asn1-1.0.1.jar:/home/fedja/.m2/repository/org/apache/kerby/kerby-util/1.0.1/kerby-util-1.0.1.jar:/home/fedja/.m2/repository/org/codehaus/woodstox/stax2-api/4.2.1/stax2-api-4.2.1.jar:/home/fedja/.m2/repository/com/fasterxml/woodstox/woodstox-core/5.4.0/woodstox-core-5.4.0.jar:/home/fedja/.m2/repository/dnsjava/dnsjava/2.1.7/dnsjava-2.1.7.jar:/home/fedja/.m2/repository/org/apache/hbase/hbase-common/2.5.3-hadoop3/hbase-common-2.5.3-hadoop3.jar:/home/fedja/.m2/repository/org/apache/hbase/hbase-logging/2.5.3-hadoop3/hbase-logging-2.5.3-hadoop3.jar:/home/fedja/.m2/repository/org/apache/hbase/thirdparty/hbase-shaded-miscellaneous/4.1.4/hbase-shaded-miscellaneous-4.1.4.jar:/home/fedja/.m2/repository/org/apache/hbase/thirdparty/hbase-shaded-gson/4.1.4/hbase-shaded-gson-4.1.4.jar:/home/fedja/.m2/repository/org/apache/hbase/thirdparty/hbase-shaded-netty/4.1.4/hbase-shaded-netty-4.1.4.jar:/home/fedja/.m2/repository/org/apache/hbase/thirdparty/hbase-unsafe/4.1.4/hbase-unsafe-4.1.4.jar:/home/fedja/.m2/repository/io/opentelemetry/opentelemetry-api/1.15.0/opentelemetry-api-1.15.0.jar:/home/fedja/.m2/repository/io/opentelemetry/opentelemetry-context/1.15.0/opentelemetry-context-1.15.0.jar:/home/fedja/.m2/repository/io/opentelemetry/opentelemetry-semconv/1.15.0-alpha/opentelemetry-semconv-1.15.0-alpha.jar:/home/fedja/.m2/repository/org/apache/commons/commons-crypto/1.1.0/commons-crypto-1.1.0.jar:/home/fedja/.m2/repository/org/apache/yetus/audience-annotations/0.13.0/audience-annotations-0.13.0.jar:/home/fedja/.m2/repository/com/google/auto/service/auto-service/1.0.2/auto-service-1.0.2.jar:/home/fedja/.m2/repository/com/google/auto/service/auto-service-annotations/1.0.2/auto-service-annotations-1.0.2.jar:/home/fedja/.m2/repository/com/google/auto/auto-common/1.2.1/auto-common-1.2.1.jar:/home/fedja/.m2/repository/org/apache/commons/commons-lang3/3.12.0/commons-lang3-3.12.0.jar:/home/fedja/.m2/repository/com/google/http-client/google-http-client/1.43.3/google-http-client-1.43.3.jar:/home/fedja/.m2/repository/com/google/http-client/google-http-client-apache-v2/1.43.3/google-http-client-apache-v2-1.43.3.jar:/home/fedja/.m2/repository/org/openjdk/nashorn/nashorn-core/15.4/nashorn-core-15.4.jar:/home/fedja/.m2/repository/org/ow2/asm/asm/7.3.1/asm-7.3.1.jar:/home/fedja/.m2/repository/org/ow2/asm/asm-commons/7.3.1/asm-commons-7.3.1.jar:/home/fedja/.m2/repository/org/ow2/asm/asm-tree/7.3.1/asm-tree-7.3.1.jar:/home/fedja/.m2/repository/org/ow2/asm/asm-util/7.3.1/asm-util-7.3.1.jar:/home/fedja/.m2/repository/com/github/ben-manes/caffeine/caffeine/3.1.8/caffeine-3.1.8.jar:/home/fedja/.m2/repository/com/google/cloud/teleport/it-google-cloud-platform/1.0-SNAPSHOT/it-google-cloud-platform-1.0-SNAPSHOT.jar:/home/fedja/.m2/repository/org/apache/beam/beam-it-common/2.53.0/beam-it-common-2.53.0.jar:/home/fedja/.m2/repository/org/apache/beam/beam-it-conditions/2.53.0/beam-it-conditions-2.53.0.jar:/home/fedja/.m2/repository/org/apache/beam/beam-it-truthmatchers/2.53.0/beam-it-truthmatchers-2.53.0.jar:/home/fedja/.m2/repository/org/apache/parquet/parquet-avro/1.12.0/parquet-avro-1.12.0.jar:/home/fedja/.m2/repository/org/apache/parquet/parquet-format-structures/1.12.0/parquet-format-structures-1.12.0.jar:/home/fedja/.m2/repository/com/google/cloud/google-cloud-storage/2.30.1/google-cloud-storage-2.30.1.jar:/home/fedja/.m2/repository/com/google/api/grpc/proto-google-cloud-storage-v2/2.30.1-alpha/proto-google-cloud-storage-v2-2.30.1-alpha.jar:/home/fedja/.m2/repository/com/google/api/grpc/gapic-google-cloud-storage-v2/2.30.1-alpha/gapic-google-cloud-storage-v2-2.30.1-alpha.jar:/home/fedja/.m2/repository/com/google/cloud/google-cloud-monitoring/3.32.0/google-cloud-monitoring-3.32.0.jar:/home/fedja/.m2/repository/com/google/cloud/google-cloud-datastore/2.17.6/google-cloud-datastore-2.17.6.jar:/home/fedja/.m2/repository/com/google/api/grpc/grpc-google-cloud-datastore-admin-v1/2.17.6/grpc-google-cloud-datastore-admin-v1-2.17.6.jar:/home/fedja/.m2/repository/com/google/api/grpc/proto-google-cloud-datastore-admin-v1/2.17.6/proto-google-cloud-datastore-admin-v1-2.17.6.jar:/home/fedja/.m2/repository/com/google/cloud/google-cloud-datastream/1.30.0/google-cloud-datastream-1.30.0.jar:/home/fedja/.m2/repository/com/google/api/grpc/proto-google-cloud-datastream-v1/1.30.0/proto-google-cloud-datastream-v1-1.30.0.jar:/home/fedja/.m2/repository/com/google/api/grpc/proto-google-cloud-datastream-v1alpha1/0.35.0/proto-google-cloud-datastream-v1alpha1-0.35.0.jar:/home/fedja/.m2/repository/org/awaitility/awaitility/4.2.0/awaitility-4.2.0.jar:/home/fedja/.m2/repository/com/github/spotbugs/spotbugs-annotations/3.1.12/spotbugs-annotations-3.1.12.jar:/home/fedja/.m2/repository/org/slf4j/slf4j-simple/1.7.36/slf4j-simple-1.7.36.jar:/home/fedja/.m2/repository/dev/failsafe/failsafe/3.3.0/failsafe-3.3.0.jar:/home/fedja/.m2/repository/org/apache/beam/beam-it-jdbc/2.53.0/beam-it-jdbc-2.53.0.jar:/home/fedja/.m2/repository/org/apache/beam/beam-it-testcontainers/2.53.0/beam-it-testcontainers-2.53.0.jar:/home/fedja/.m2/repository/org/testcontainers/jdbc/1.17.3/jdbc-1.17.3.jar:/home/fedja/.m2/repository/org/testcontainers/database-commons/1.17.3/database-commons-1.17.3.jar:/home/fedja/.m2/repository/org/testcontainers/postgresql/1.17.3/postgresql-1.17.3.jar:/home/fedja/.m2/repository/org/testcontainers/mysql/1.17.3/mysql-1.17.3.jar:/home/fedja/.m2/repository/org/testcontainers/oracle-xe/1.17.3/oracle-xe-1.17.3.jar:/home/fedja/.m2/repository/org/testcontainers/mssqlserver/1.17.3/mssqlserver-1.17.3.jar:/home/fedja/.m2/repository/org/apache/beam/beam-it-cassandra/2.53.0/beam-it-cassandra-2.53.0.jar:/home/fedja/.m2/repository/org/testcontainers/cassandra/1.17.3/cassandra-1.17.3.jar:/home/fedja/.m2/repository/com/datastax/oss/java-driver-core/4.15.0/java-driver-core-4.15.0.jar:/home/fedja/.m2/repository/com/datastax/oss/native-protocol/1.5.1/native-protocol-1.5.1.jar:/home/fedja/.m2/repository/com/datastax/oss/java-driver-shaded-guava/25.1-jre-graal-sub-1/java-driver-shaded-guava-25.1-jre-graal-sub-1.jar:/home/fedja/.m2/repository/com/typesafe/config/1.4.1/config-1.4.1.jar:/home/fedja/.m2/repository/org/hdrhistogram/HdrHistogram/2.1.12/HdrHistogram-2.1.12.jar:/home/fedja/.m2/repository/org/reactivestreams/reactive-streams/1.0.3/reactive-streams-1.0.3.jar:/home/fedja/.m2/repository/com/github/stephenc/jcip/jcip-annotations/1.0-1/jcip-annotations-1.0-1.jar:/home/fedja/.m2/repository/org/apache/beam/beam-it-splunk/2.53.0/beam-it-splunk-2.53.0.jar:/home/fedja/.m2/repository/org/apache/beam/beam-sdks-java-io-splunk/2.53.0/beam-sdks-java-io-splunk-2.53.0.jar:/home/fedja/.m2/repository/com/splunk/splunk/1.9.4/splunk-1.9.4.jar:/home/fedja/.m2/repository/net/sf/opencsv/opencsv/2.3/opencsv-2.3.jar:/home/fedja/.m2/repository/com/google/cloud/teleport/it-datadog/1.0-SNAPSHOT/it-datadog-1.0-SNAPSHOT.jar:/home/fedja/.m2/repository/org/testcontainers/mockserver/1.18.3/mockserver-1.18.3.jar:/home/fedja/.m2/repository/org/testcontainers/testcontainers/1.18.3/testcontainers-1.18.3.jar:/home/fedja/.m2/repository/org/rnorth/duct-tape/duct-tape/1.0.8/duct-tape-1.0.8.jar:/home/fedja/.m2/repository/org/jetbrains/annotations/17.0.0/annotations-17.0.0.jar:/home/fedja/.m2/repository/com/github/docker-java/docker-java-api/3.3.0/docker-java-api-3.3.0.jar:/home/fedja/.m2/repository/com/github/docker-java/docker-java-transport-zerodep/3.3.0/docker-java-transport-zerodep-3.3.0.jar:/home/fedja/.m2/repository/com/github/docker-java/docker-java-transport/3.3.0/docker-java-transport-3.3.0.jar:/home/fedja/.m2/repository/net/java/dev/jna/jna/5.12.1/jna-5.12.1.jar:/home/fedja/.m2/repository/org/mock-server/mockserver-client-java/5.14.0/mockserver-client-java-5.14.0.jar:/home/fedja/.m2/repository/org/json/json/20231013/json-20231013.jar:/home/fedja/.m2/repository/org/hamcrest/hamcrest-core/2.1/hamcrest-core-2.1.jar:/home/fedja/.m2/repository/org/hamcrest/hamcrest-library/2.1/hamcrest-library-2.1.jar:/home/fedja/.m2/repository/org/mockito/mockito-core/4.11.0/mockito-core-4.11.0.jar:/home/fedja/.m2/repository/net/bytebuddy/byte-buddy-agent/1.12.19/byte-buddy-agent-1.12.19.jar:/home/fedja/.m2/repository/org/objenesis/objenesis/3.3/objenesis-3.3.jar:/home/fedja/.m2/repository/org/apache/derby/derby/10.14.2.0/derby-10.14.2.0.jar:/home/fedja/.m2/repository/org/apache/derby/derbyclient/10.14.2.0/derbyclient-10.14.2.0.jar:/home/fedja/.m2/repository/org/apache/derby/derbynet/10.14.2.0/derbynet-10.14.2.0.jar:/home/fedja/.m2/repository/org/junit/jupiter/junit-jupiter-api/5.5.2/junit-jupiter-api-5.5.2.jar:/home/fedja/.m2/repository/org/apiguardian/apiguardian-api/1.1.0/apiguardian-api-1.1.0.jar:/home/fedja/.m2/repository/org/opentest4j/opentest4j/1.2.0/opentest4j-1.2.0.jar:/home/fedja/.m2/repository/org/junit/platform/junit-platform-commons/1.5.2/junit-platform-commons-1.5.2.jar:/home/fedja/.m2/repository/com/google/truth/truth/1.1.5/truth-1.1.5.jar:/home/fedja/.m2/repository/org/mock-server/mockserver-netty/5.14.0/mockserver-netty-5.14.0.jar:/home/fedja/.m2/repository/org/mock-server/mockserver-core/5.14.0/mockserver-core-5.14.0.jar:/home/fedja/.m2/repository/com/lmax/disruptor/3.4.4/disruptor-3.4.4.jar:/home/fedja/.m2/repository/io/netty/netty-codec-socks/4.1.79.Final/netty-codec-socks-4.1.79.Final.jar:/home/fedja/.m2/repository/com/jcraft/jzlib/1.1.3/jzlib-1.1.3.jar:/home/fedja/.m2/repository/com/fasterxml/uuid/java-uuid-generator/4.0.1/java-uuid-generator-4.0.1.jar:/home/fedja/.m2/repository/org/bouncycastle/bcprov-jdk18on/1.71/bcprov-jdk18on-1.71.jar:/home/fedja/.m2/repository/org/bouncycastle/bcpkix-jdk18on/1.71/bcpkix-jdk18on-1.71.jar:/home/fedja/.m2/repository/org/bouncycastle/bcutil-jdk18on/1.71/bcutil-jdk18on-1.71.jar:/home/fedja/.m2/repository/org/apache/velocity/velocity-engine-scripting/2.3/velocity-engine-scripting-2.3.jar:/home/fedja/.m2/repository/org/apache/velocity/velocity-engine-core/2.3/velocity-engine-core-2.3.jar:/home/fedja/.m2/repository/org/apache/velocity/tools/velocity-tools-generic/3.1/velocity-tools-generic-3.1.jar:/home/fedja/.m2/repository/org/apache/commons/commons-digester3/3.2/commons-digester3-3.2.jar:/home/fedja/.m2/repository/com/github/cliftonlabs/json-simple/3.0.2/json-simple-3.0.2.jar:/home/fedja/.m2/repository/com/samskivert/jmustache/1.15/jmustache-1.15.jar:/home/fedja/.m2/repository/net/javacrumbs/json-unit/json-unit-core/2.35.0/json-unit-core-2.35.0.jar:/home/fedja/.m2/repository/com/networknt/json-schema-validator/1.0.72/json-schema-validator-1.0.72.jar:/home/fedja/.m2/repository/com/ethlo/time/itu/1.7.0/itu-1.7.0.jar:/home/fedja/.m2/repository/com/jayway/jsonpath/json-path/2.7.0/json-path-2.7.0.jar:/home/fedja/.m2/repository/net/minidev/json-smart/2.4.7/json-smart-2.4.7.jar:/home/fedja/.m2/repository/net/minidev/accessors-smart/2.4.7/accessors-smart-2.4.7.jar:/home/fedja/.m2/repository/io/swagger/parser/v3/swagger-parser/2.1.2/swagger-parser-2.1.2.jar:/home/fedja/.m2/repository/io/swagger/parser/v3/swagger-parser-v2-converter/2.1.2/swagger-parser-v2-converter-2.1.2.jar:/home/fedja/.m2/repository/io/swagger/swagger-core/1.6.6/swagger-core-1.6.6.jar:/home/fedja/.m2/repository/io/swagger/swagger-models/1.6.6/swagger-models-1.6.6.jar:/home/fedja/.m2/repository/io/swagger/swagger-annotations/1.6.6/swagger-annotations-1.6.6.jar:/home/fedja/.m2/repository/io/swagger/swagger-parser/1.0.61/swagger-parser-1.0.61.jar:/home/fedja/.m2/repository/io/swagger/swagger-compat-spec-parser/1.0.61/swagger-compat-spec-parser-1.0.61.jar:/home/fedja/.m2/repository/com/github/java-json-tools/json-schema-validator/2.2.14/json-schema-validator-2.2.14.jar:/home/fedja/.m2/repository/com/github/java-json-tools/jackson-coreutils-equivalence/1.0/jackson-coreutils-equivalence-1.0.jar:/home/fedja/.m2/repository/com/github/java-json-tools/json-schema-core/1.2.14/json-schema-core-1.2.14.jar:/home/fedja/.m2/repository/com/github/java-json-tools/uri-template/0.10/uri-template-0.10.jar:/home/fedja/.m2/repository/org/mozilla/rhino/1.7.7.2/rhino-1.7.7.2.jar:/home/fedja/.m2/repository/com/sun/mail/mailapi/1.6.2/mailapi-1.6.2.jar:/home/fedja/.m2/repository/com/googlecode/libphonenumber/libphonenumber/8.11.1/libphonenumber-8.11.1.jar:/home/fedja/.m2/repository/net/sf/jopt-simple/jopt-simple/5.0.4/jopt-simple-5.0.4.jar:/home/fedja/.m2/repository/com/github/java-json-tools/json-patch/1.13/json-patch-1.13.jar:/home/fedja/.m2/repository/com/github/java-json-tools/msg-simple/1.2/msg-simple-1.2.jar:/home/fedja/.m2/repository/com/github/java-json-tools/btf/1.3/btf-1.3.jar:/home/fedja/.m2/repository/com/github/java-json-tools/jackson-coreutils/2.0/jackson-coreutils-2.0.jar:/home/fedja/.m2/repository/io/swagger/core/v3/swagger-models/2.2.2/swagger-models-2.2.2.jar:/home/fedja/.m2/repository/io/swagger/parser/v3/swagger-parser-core/2.1.2/swagger-parser-core-2.1.2.jar:/home/fedja/.m2/repository/io/swagger/parser/v3/swagger-parser-v3/2.1.2/swagger-parser-v3-2.1.2.jar:/home/fedja/.m2/repository/io/swagger/core/v3/swagger-core/2.2.2/swagger-core-2.2.2.jar:/home/fedja/.m2/repository/io/swagger/core/v3/swagger-annotations/2.2.2/swagger-annotations-2.2.2.jar:/home/fedja/.m2/repository/jakarta/validation/jakarta.validation-api/2.0.2/jakarta.validation-api-2.0.2.jar:/home/fedja/.m2/repository/jakarta/xml/bind/jakarta.xml.bind-api/3.0.1/jakarta.xml.bind-api-3.0.1.jar:/home/fedja/.m2/repository/com/sun/activation/jakarta.activation/2.0.1/jakarta.activation-2.0.1.jar:/home/fedja/.m2/repository/org/xmlunit/xmlunit-core/2.9.0/xmlunit-core-2.9.0.jar:/home/fedja/.m2/repository/org/xmlunit/xmlunit-placeholders/2.9.0/xmlunit-placeholders-2.9.0.jar:/home/fedja/.m2/repository/io/netty/netty-buffer/4.1.79.Final/netty-buffer-4.1.79.Final.jar:/home/fedja/.m2/repository/io/netty/netty-codec/4.1.79.Final/netty-codec-4.1.79.Final.jar:/home/fedja/.m2/repository/io/netty/netty-codec-http/4.1.79.Final/netty-codec-http-4.1.79.Final.jar:/home/fedja/.m2/repository/io/netty/netty-common/4.1.79.Final/netty-common-4.1.79.Final.jar:/home/fedja/.m2/repository/io/netty/netty-transport/4.1.79.Final/netty-transport-4.1.79.Final.jar:/home/fedja/.m2/repository/org/mock-server/mockserver-junit-rule/5.14.0/mockserver-junit-rule-5.14.0.jar:/home/fedja/.m2/repository/mysql/mysql-connector-java/8.0.30/mysql-connector-java-8.0.30.jar:/home/fedja/.m2/repository/org/postgresql/postgresql/42.6.0/postgresql-42.6.0.jar:/home/fedja/.m2/repository/com/oracle/database/jdbc/ojdbc8/23.2.0.0/ojdbc8-23.2.0.0.jar:/home/fedja/.m2/repository/com/microsoft/sqlserver/mssql-jdbc/12.2.0.jre11/mssql-jdbc-12.2.0.jre11.jar:/home/fedja/.m2/repository/org/scassandra/java-client/1.1.2/java-client-1.1.2.jar:/home/fedja/.m2/repository/org/scassandra/scassandra-server_2.11/1.1.2/scassandra-server_2.11-1.1.2.jar:/home/fedja/.m2/repository/io/spray/spray-can_2.11/1.3.3/spray-can_2.11-1.3.3.jar:/home/fedja/.m2/repository/io/spray/spray-io_2.11/1.3.3/spray-io_2.11-1.3.3.jar:/home/fedja/.m2/repository/io/spray/spray-http_2.11/1.3.3/spray-http_2.11-1.3.3.jar:/home/fedja/.m2/repository/org/parboiled/parboiled-scala_2.11/1.1.7/parboiled-scala_2.11-1.1.7.jar:/home/fedja/.m2/repository/org/parboiled/parboiled-core/1.1.7/parboiled-core-1.1.7.jar:/home/fedja/.m2/repository/io/spray/spray-util_2.11/1.3.3/spray-util_2.11-1.3.3.jar:/home/fedja/.m2/repository/com/typesafe/scala-logging/scala-logging_2.11/3.1.0/scala-logging_2.11-3.1.0.jar:/home/fedja/.m2/repository/org/scala-lang/scala-reflect/2.11.1/scala-reflect-2.11.1.jar:/home/fedja/.m2/repository/com/typesafe/akka/akka-actor_2.11/2.3.9/akka-actor_2.11-2.3.9.jar:/home/fedja/.m2/repository/io/spray/spray-routing-shapeless23_2.11/1.3.3/spray-routing-shapeless23_2.11-1.3.3.jar:/home/fedja/.m2/repository/io/spray/spray-httpx_2.11/1.3.3/spray-httpx_2.11-1.3.3.jar:/home/fedja/.m2/repository/org/scala-lang/modules/scala-xml_2.11/1.0.3/scala-xml_2.11-1.0.3.jar:/home/fedja/.m2/repository/org/jvnet/mimepull/mimepull/1.9.5/mimepull-1.9.5.jar:/home/fedja/.m2/repository/com/chuusai/shapeless_2.11/2.3.0/shapeless_2.11-2.3.0.jar:/home/fedja/.m2/repository/org/typelevel/macro-compat_2.11/1.1.1/macro-compat_2.11-1.1.1.jar:/home/fedja/.m2/repository/io/spray/spray-json_2.11/1.3.2/spray-json_2.11-1.3.2.jar:/home/fedja/.m2/repository/org/scassandra/scassandra-codec_2.11/1.1.2/scassandra-codec_2.11-1.1.2.jar:/home/fedja/.m2/repository/org/scodec/scodec-core_2.11/1.10.2/scodec-core_2.11-1.10.2.jar:/home/fedja/.m2/repository/org/scodec/scodec-bits_2.11/1.1.0/scodec-bits_2.11-1.1.0.jar:/home/fedja/.m2/repository/com/typesafe/akka/akka-remote_2.11/2.3.9/akka-remote_2.11-2.3.9.jar:/home/fedja/.m2/repository/org/uncommons/maths/uncommons-maths/1.2.2a/uncommons-maths-1.2.2a.jar:/home/fedja/.m2/repository/com/typesafe/akka/akka-slf4j_2.11/2.3.9/akka-slf4j_2.11-2.3.9.jar:/home/fedja/.m2/repository/org/scala-lang/scala-library/2.11.8/scala-library-2.11.8.jar:/home/fedja/.m2/repository/org/scassandra/cql-antlr/1.1.2/cql-antlr-1.1.2.jar:/home/fedja/.m2/repository/org/antlr/antlr4-runtime/4.5/antlr4-runtime-4.5.jar:/home/fedja/.m2/repository/org/abego/treelayout/org.abego.treelayout.core/1.0.1/org.abego.treelayout.core-1.0.1.jar:/home/fedja/.m2/repository/com/google/re2j/re2j/1.6/re2j-1.6.jar:/home/fedja/.m2/repository/com/google/cloud/google-cloud-bigquery/2.35.0/google-cloud-bigquery-2.35.0.jar:/home/fedja/.m2/repository/com/google/cloud/google-cloud-core-http/2.28.0/google-cloud-core-http-2.28.0.jar:/home/fedja/.m2/repository/com/google/http-client/google-http-client-appengine/1.43.3/google-http-client-appengine-1.43.3.jar:/home/fedja/.m2/repository/org/checkerframework/checker-compat-qual/2.5.6/checker-compat-qual-2.5.6.jar:/home/fedja/.m2/repository/org/threeten/threeten-extra/1.7.2/threeten-extra-1.7.2.jar:/home/fedja/.m2/repository/io/grpc/grpc-util/1.59.1/grpc-util-1.59.1.jar:/home/fedja/.m2/repository/com/google/api/grpc/proto-google-cloud-bigquerystorage-v1beta1/0.171.0/proto-google-cloud-bigquerystorage-v1beta1-0.171.0.jar:/home/fedja/.m2/repository/com/google/api/grpc/proto-google-cloud-bigquerystorage-v1beta2/0.171.0/proto-google-cloud-bigquerystorage-v1beta2-0.171.0.jar:/home/fedja/.m2/repository/io/grpc/grpc-inprocess/1.59.1/grpc-inprocess-1.59.1.jar:/home/fedja/.m2/repository/com/google/api/grpc/grpc-google-cloud-bigquerystorage-v1beta1/0.171.0/grpc-google-cloud-bigquerystorage-v1beta1-0.171.0.jar:/home/fedja/.m2/repository/com/google/api/grpc/grpc-google-cloud-bigquerystorage-v1beta2/0.171.0/grpc-google-cloud-bigquerystorage-v1beta2-0.171.0.jar:/home/fedja/.m2/repository/com/google/api/grpc/grpc-google-cloud-bigquerystorage-v1/2.47.0/grpc-google-cloud-bigquerystorage-v1-2.47.0.jar:/home/fedja/.m2/repository/org/apache/arrow/arrow-format/14.0.1/arrow-format-14.0.1.jar:/home/fedja/.m2/repository/com/google/flatbuffers/flatbuffers-java/1.12.0/flatbuffers-java-1.12.0.jar:/home/fedja/.m2/repository/org/apache/arrow/arrow-memory-netty/14.0.1/arrow-memory-netty-14.0.1.jar:/home/fedja/.m2/repository/com/google/cloud/google-cloud-bigtable/2.30.0/google-cloud-bigtable-2.30.0.jar:/home/fedja/.m2/repository/com/google/cloud/google-cloud-bigtable-stats/2.30.0/google-cloud-bigtable-stats-2.30.0.jar:/home/fedja/.m2/repository/com/google/api/grpc/grpc-google-cloud-bigtable-v2/2.30.0/grpc-google-cloud-bigtable-v2-2.30.0.jar:/home/fedja/.m2/repository/com/google/api/grpc/proto-google-cloud-bigtable-admin-v2/2.30.0/proto-google-cloud-bigtable-admin-v2-2.30.0.jar:/home/fedja/.m2/repository/com/google/api/grpc/proto-google-cloud-monitoring-v3/3.32.0/proto-google-cloud-monitoring-v3-3.32.0.jar:/home/fedja/.m2/repository/com/google/cloud/bigtable/bigtable-beam-import/1.27.1/bigtable-beam-import-1.27.1.jar:/home/fedja/.m2/repository/com/google/cloud/bigtable/bigtable-hbase-beam/1.27.1/bigtable-hbase-beam-1.27.1.jar:/home/fedja/.m2/repository/org/apache/beam/beam-sdks-java-io-hbase/2.53.0/beam-sdks-java-io-hbase-2.53.0.jar:/home/fedja/.m2/repository/com/google/cloud/bigtable/bigtable-hbase-1.x-shaded/1.27.1/bigtable-hbase-1.x-shaded-1.27.1.jar:/home/fedja/.m2/repository/org/apache/beam/beam-sdks-java-io-hadoop-common/2.53.0/beam-sdks-java-io-hadoop-common-2.53.0.jar:/home/fedja/.m2/repository/org/apache/beam/beam-sdks-java-io-hadoop-format/2.53.0/beam-sdks-java-io-hadoop-format-2.53.0.jar:/home/fedja/.m2/repository/org/apache/hbase/hbase-shaded-server/1.4.12/hbase-shaded-server-1.4.12.jar:/home/fedja/.m2/repository/org/apache/htrace/htrace-core/3.1.0-incubating/htrace-core-3.1.0-incubating.jar:/home/fedja/.m2/repository/com/github/stephenc/findbugs/findbugs-annotations/1.3.9-1/findbugs-annotations-1.3.9-1.jar:/home/fedja/.m2/repository/com/squareup/okhttp/okhttp/2.7.5/okhttp-2.7.5.jar:/home/fedja/.m2/repository/com/squareup/okio/okio/1.6.0/okio-1.6.0.jar:/home/fedja/.m2/repository/org/apache/logging/log4j/log4j-api/2.17.2/log4j-api-2.17.2.jar:/home/fedja/.m2/repository/com/google/cloud/bigdataoss/gcs-connector/hadoop2-2.1.4/gcs-connector-hadoop2-2.1.4-shaded.jar:/home/fedja/.m2/repository/com/google/api-client/google-api-client-java6/1.30.10/google-api-client-java6-1.30.10.jar:/home/fedja/.m2/repository/com/google/oauth-client/google-oauth-client-java6/1.34.1/google-oauth-client-java6-1.34.1.jar:/home/fedja/.m2/repository/com/google/cloud/bigdataoss/util-hadoop/hadoop2-2.1.4/util-hadoop-hadoop2-2.1.4.jar:/home/fedja/.m2/repository/com/google/flogger/flogger-slf4j-backend/0.5.1/flogger-slf4j-backend-0.5.1.jar:/home/fedja/.m2/repository/org/apache/beam/beam-vendor-guava-26_0-jre/0.1/beam-vendor-guava-26_0-jre-0.1.jar:/home/fedja/.m2/repository/com/google/auto/value/auto-value/1.10.4/auto-value-1.10.4.jar:/home/fedja/.m2/repository/com/google/auto/value/auto-value-annotations/1.10.4/auto-value-annotations-1.10.4.jar:/home/fedja/.m2/repository/org/apache/commons/commons-csv/1.8/commons-csv-1.8.jar:/home/fedja/.m2/repository/org/apache/commons/commons-text/1.10.0/commons-text-1.10.0.jar:/home/fedja/.m2/repository/commons-codec/commons-codec/1.16.0/commons-codec-1.16.0.jar:/home/fedja/.m2/repository/commons-io/commons-io/2.11.0/commons-io-2.11.0.jar:/home/fedja/.m2/repository/org/apache/beam/beam-sdks-java-io-parquet/2.53.0/beam-sdks-java-io-parquet-2.53.0.jar:/home/fedja/.m2/repository/org/apache/parquet/parquet-column/1.12.0/parquet-column-1.12.0.jar:/home/fedja/.m2/repository/org/apache/parquet/parquet-encoding/1.12.0/parquet-encoding-1.12.0.jar:/home/fedja/.m2/repository/org/apache/parquet/parquet-common/1.12.0/parquet-common-1.12.0.jar:/home/fedja/.m2/repository/org/apache/parquet/parquet-hadoop/1.12.0/parquet-hadoop-1.12.0.jar:/home/fedja/.m2/repository/org/apache/parquet/parquet-jackson/1.12.0/parquet-jackson-1.12.0.jar:/home/fedja/.m2/repository/commons-pool/commons-pool/1.6/commons-pool-1.6.jar:/home/fedja/.m2/repository/com/github/luben/zstd-jni/1.4.9-1/zstd-jni-1.4.9-1.jar:/home/fedja/.m2/repository/org/apache/kafka/kafka-clients/1.0.0/kafka-clients-1.0.0.jar:/home/fedja/.m2/repository/org/lz4/lz4-java/1.4/lz4-java-1.4.jar:/home/fedja/.m2/repository/org/springframework/spring-expression/5.2.22.RELEASE/spring-expression-5.2.22.RELEASE.jar:/home/fedja/.m2/repository/org/springframework/spring-core/5.2.22.RELEASE/spring-core-5.2.22.RELEASE.jar:/home/fedja/.m2/repository/org/springframework/spring-jcl/5.2.22.RELEASE/spring-jcl-5.2.22.RELEASE.jar:/home/fedja/.m2/repository/io/opencensus/opencensus-api/0.24.0/opencensus-api-0.24.0.jar:/home/fedja/.m2/repository/junit/junit/4.13.2/junit-4.13.2.jar:/home/fedja/.m2/repository/com/google/cloud/google-cloud-dlp/2.1.0/google-cloud-dlp-2.1.0.jar:/home/fedja/.m2/repository/com/google/api/grpc/proto-google-cloud-dlp-v2/3.35.0/proto-google-cloud-dlp-v2-3.35.0.jar:/home/fedja/.m2/repository/com/google/cloud/google-cloud-kms/1.40.0/google-cloud-kms-1.40.0.jar:/home/fedja/.m2/repository/com/google/api/grpc/proto-google-cloud-kms-v1/0.87.0/proto-google-cloud-kms-v1-0.87.0.jar:/home/fedja/.m2/repository/org/tensorflow/proto/1.15.0/proto-1.15.0.jar:/home/fedja/.m2/repository/com/google/cloud/google-cloud-secretmanager/2.31.0/google-cloud-secretmanager-2.31.0.jar:/home/fedja/.m2/repository/com/google/api/grpc/proto-google-cloud-secretmanager-v1/2.31.0/proto-google-cloud-secretmanager-v1-2.31.0.jar:/home/fedja/.m2/repository/com/google/api/grpc/proto-google-cloud-secretmanager-v1beta1/2.31.0/proto-google-cloud-secretmanager-v1beta1-2.31.0.jar:"/>
    <property name="java.vm.vendor" value="Ubuntu"/>
    <property name="nondexPrintstack" value="false"/>
    <property name="net.bytebuddy.experimental" value="true"/>
    <property name="sun.arch.data.model" value="64"/>
    <property name="nondexRuns" value="10"/>
    <property name="java.vendor.url" value="https://ubuntu.com/"/>
    <property name="user.timezone" value=""/>
    <property name="java.vm.specification.version" value="11"/>
    <property name="os.name" value="Linux"/>
    <property name="sun.java.launcher" value="SUN_STANDARD"/>
    <property name="user.country" value="US"/>
    <property name="sun.boot.library.path" value="/usr/lib/jvm/java-11-openjdk-amd64/lib"/>
    <property name="nondexLogging" value="CONFIG"/>
    <property name="sun.java.command" value="/home/fedja/Desktop/fix/DataflowTemplates/v1/target/surefire/surefirebooter6393472397763106689.jar /home/fedja/Desktop/fix/DataflowTemplates/v1/target/surefire 2024-02-10T11-08-57_872-jvmRun1 surefire14688130156878486152tmp surefire_47158304407296496229tmp"/>
    <property name="jdk.debug" value="release"/>
    <property name="surefire.test.class.path" value="/home/fedja/Desktop/fix/DataflowTemplates/v1/target/test-classes:/home/fedja/Desktop/fix/DataflowTemplates/v1/target/classes:/home/fedja/.m2/repository/com/google/cloud/teleport/metadata/metadata/1.0-SNAPSHOT/metadata-1.0-SNAPSHOT.jar:/home/fedja/.m2/repository/org/apache/beam/beam-sdks-java-core/2.53.0/beam-sdks-java-core-2.53.0.jar:/home/fedja/.m2/repository/org/apache/beam/beam-model-pipeline/2.53.0/beam-model-pipeline-2.53.0.jar:/home/fedja/.m2/repository/org/apache/beam/beam-model-job-management/2.53.0/beam-model-job-management-2.53.0.jar:/home/fedja/.m2/repository/org/apache/beam/beam-vendor-grpc-1_54_0/0.1/beam-vendor-grpc-1_54_0-0.1.jar:/home/fedja/.m2/repository/org/apache/beam/beam-vendor-guava-32_1_2-jre/0.1/beam-vendor-guava-32_1_2-jre-0.1.jar:/home/fedja/.m2/repository/net/bytebuddy/byte-buddy/1.12.14/byte-buddy-1.12.14.jar:/home/fedja/.m2/repository/com/google/code/findbugs/jsr305/3.0.2/jsr305-3.0.2.jar:/home/fedja/.m2/repository/com/google/errorprone/error_prone_annotations/2.10.0/error_prone_annotations-2.10.0.jar:/home/fedja/.m2/repository/com/fasterxml/jackson/core/jackson-core/2.14.1/jackson-core-2.14.1.jar:/home/fedja/.m2/repository/com/fasterxml/jackson/core/jackson-annotations/2.14.1/jackson-annotations-2.14.1.jar:/home/fedja/.m2/repository/com/fasterxml/jackson/core/jackson-databind/2.14.1/jackson-databind-2.14.1.jar:/home/fedja/.m2/repository/org/slf4j/slf4j-api/1.7.30/slf4j-api-1.7.30.jar:/home/fedja/.m2/repository/org/xerial/snappy/snappy-java/1.1.10.4/snappy-java-1.1.10.4.jar:/home/fedja/.m2/repository/joda-time/joda-time/2.10.10/joda-time-2.10.10.jar:/home/fedja/.m2/repository/org/apache/beam/beam-sdks-java-extensions-avro/2.53.0/beam-sdks-java-extensions-avro-2.53.0.jar:/home/fedja/.m2/repository/org/checkerframework/checker-qual/3.27.0/checker-qual-3.27.0.jar:/home/fedja/.m2/repository/org/apache/avro/avro/1.11.3/avro-1.11.3.jar:/home/fedja/.m2/repository/org/apache/commons/commons-compress/1.22/commons-compress-1.22.jar:/home/fedja/.m2/repository/org/apache/beam/beam-sdks-java-io-google-cloud-platform/2.53.0/beam-sdks-java-io-google-cloud-platform-2.53.0.jar:/home/fedja/.m2/repository/org/apache/beam/beam-runners-core-java/2.53.0/beam-runners-core-java-2.53.0.jar:/home/fedja/.m2/repository/org/apache/beam/beam-sdks-java-fn-execution/2.53.0/beam-sdks-java-fn-execution-2.53.0.jar:/home/fedja/.m2/repository/org/apache/beam/beam-sdks-java-harness/2.53.0/beam-sdks-java-harness-2.53.0.jar:/home/fedja/.m2/repository/org/apache/beam/beam-sdks-java-expansion-service/2.53.0/beam-sdks-java-expansion-service-2.53.0.jar:/home/fedja/.m2/repository/org/apache/beam/beam-model-fn-execution/2.53.0/beam-model-fn-execution-2.53.0.jar:/home/fedja/.m2/repository/org/apache/beam/beam-runners-java-fn-execution/2.53.0/beam-runners-java-fn-execution-2.53.0.jar:/home/fedja/.m2/repository/com/fasterxml/jackson/dataformat/jackson-dataformat-yaml/2.14.1/jackson-dataformat-yaml-2.14.1.jar:/home/fedja/.m2/repository/org/yaml/snakeyaml/2.0/snakeyaml-2.0.jar:/home/fedja/.m2/repository/org/apache/beam/beam-runners-core-construction-java/2.53.0/beam-runners-core-construction-java-2.53.0.jar:/home/fedja/.m2/repository/org/apache/beam/beam-sdks-java-transform-service-launcher/2.53.0/beam-sdks-java-transform-service-launcher-2.53.0.jar:/home/fedja/.m2/repository/args4j/args4j/2.33/args4j-2.33.jar:/home/fedja/.m2/repository/io/github/classgraph/classgraph/4.8.162/classgraph-4.8.162.jar:/home/fedja/.m2/repository/org/apache/beam/beam-sdks-java-extensions-arrow/2.53.0/beam-sdks-java-extensions-arrow-2.53.0.jar:/home/fedja/.m2/repository/com/google/cloud/bigdataoss/util/2.2.16/util-2.2.16.jar:/home/fedja/.m2/repository/com/google/api-client/google-api-client-jackson2/2.2.0/google-api-client-jackson2-2.2.0.jar:/home/fedja/.m2/repository/com/google/apis/google-api-services-iamcredentials/v1-rev20211203-2.0.0/google-api-services-iamcredentials-v1-rev20211203-2.0.0.jar:/home/fedja/.m2/repository/com/google/flogger/google-extensions/0.7.1/google-extensions-0.7.1.jar:/home/fedja/.m2/repository/com/google/flogger/flogger-system-backend/0.7.4/flogger-system-backend-0.7.4.jar:/home/fedja/.m2/repository/com/google/flogger/flogger/0.7.4/flogger-0.7.4.jar:/home/fedja/.m2/repository/com/google/api/gax/2.38.0/gax-2.38.0.jar:/home/fedja/.m2/repository/com/google/api/gax-grpc/2.38.0/gax-grpc-2.38.0.jar:/home/fedja/.m2/repository/com/google/api/gax-httpjson/2.38.0/gax-httpjson-2.38.0.jar:/home/fedja/.m2/repository/com/google/api-client/google-api-client/2.2.0/google-api-client-2.2.0.jar:/home/fedja/.m2/repository/com/google/api/api-common/2.21.0/api-common-2.21.0.jar:/home/fedja/.m2/repository/com/google/apis/google-api-services-bigquery/v2-rev20230812-2.0.0/google-api-services-bigquery-v2-rev20230812-2.0.0.jar:/home/fedja/.m2/repository/com/google/apis/google-api-services-healthcare/v1-rev20231101-2.0.0/google-api-services-healthcare-v1-rev20231101-2.0.0.jar:/home/fedja/.m2/repository/com/google/apis/google-api-services-pubsub/v1-rev20220904-2.0.0/google-api-services-pubsub-v1-rev20220904-2.0.0.jar:/home/fedja/.m2/repository/com/google/apis/google-api-services-storage/v1-rev20231202-2.0.0/google-api-services-storage-v1-rev20231202-2.0.0.jar:/home/fedja/.m2/repository/com/google/auth/google-auth-library-credentials/1.20.0/google-auth-library-credentials-1.20.0.jar:/home/fedja/.m2/repository/com/google/auth/google-auth-library-oauth2-http/1.20.0/google-auth-library-oauth2-http-1.20.0.jar:/home/fedja/.m2/repository/com/google/cloud/google-cloud-bigquerystorage/2.47.0/google-cloud-bigquerystorage-2.47.0.jar:/home/fedja/.m2/repository/com/google/cloud/bigtable/bigtable-client-core-config/1.28.0/bigtable-client-core-config-1.28.0.jar:/home/fedja/.m2/repository/com/google/cloud/google-cloud-core/2.28.0/google-cloud-core-2.28.0.jar:/home/fedja/.m2/repository/com/google/cloud/google-cloud-core-grpc/2.28.0/google-cloud-core-grpc-2.28.0.jar:/home/fedja/.m2/repository/com/google/cloud/datastore/datastore-v1-proto-client/2.17.1/datastore-v1-proto-client-2.17.1.jar:/home/fedja/.m2/repository/com/google/http-client/google-http-client-protobuf/1.43.3/google-http-client-protobuf-1.43.3.jar:/home/fedja/.m2/repository/com/google/cloud/google-cloud-firestore/3.15.7/google-cloud-firestore-3.15.7.jar:/home/fedja/.m2/repository/com/google/cloud/proto-google-cloud-firestore-bundle-v1/3.15.7/proto-google-cloud-firestore-bundle-v1-3.15.7.jar:/home/fedja/.m2/repository/com/google/cloud/google-cloud-pubsublite/1.12.19/google-cloud-pubsublite-1.12.19.jar:/home/fedja/.m2/repository/com/google/cloud/google-cloud-pubsub/1.125.13/google-cloud-pubsub-1.125.13.jar:/home/fedja/.m2/repository/com/google/code/gson/gson/2.10.1/gson-2.10.1.jar:/home/fedja/.m2/repository/com/google/http-client/google-http-client-jackson2/1.43.3/google-http-client-jackson2-1.43.3.jar:/home/fedja/.m2/repository/com/google/oauth-client/google-oauth-client/1.34.1/google-oauth-client-1.34.1.jar:/home/fedja/.m2/repository/io/grpc/grpc-alts/1.59.1/grpc-alts-1.59.1.jar:/home/fedja/.m2/repository/io/grpc/grpc-api/1.59.1/grpc-api-1.59.1.jar:/home/fedja/.m2/repository/io/grpc/grpc-auth/1.59.1/grpc-auth-1.59.1.jar:/home/fedja/.m2/repository/io/grpc/grpc-core/1.59.1/grpc-core-1.59.1.jar:/home/fedja/.m2/repository/io/grpc/grpc-census/1.59.1/grpc-census-1.59.1.jar:/home/fedja/.m2/repository/io/opencensus/opencensus-contrib-grpc-metrics/0.31.1/opencensus-contrib-grpc-metrics-0.31.1.jar:/home/fedja/.m2/repository/io/grpc/grpc-context/1.59.1/grpc-context-1.59.1.jar:/home/fedja/.m2/repository/io/grpc/grpc-grpclb/1.59.1/grpc-grpclb-1.59.1.jar:/home/fedja/.m2/repository/io/grpc/grpc-netty/1.59.1/grpc-netty-1.59.1.jar:/home/fedja/.m2/repository/io/netty/netty-codec-http2/4.1.97.Final/netty-codec-http2-4.1.97.Final.jar:/home/fedja/.m2/repository/io/netty/netty-handler-proxy/4.1.97.Final/netty-handler-proxy-4.1.97.Final.jar:/home/fedja/.m2/repository/io/netty/netty-transport-native-unix-common/4.1.97.Final/netty-transport-native-unix-common-4.1.97.Final.jar:/home/fedja/.m2/repository/io/grpc/grpc-netty-shaded/1.59.1/grpc-netty-shaded-1.59.1.jar:/home/fedja/.m2/repository/io/grpc/grpc-protobuf/1.59.1/grpc-protobuf-1.59.1.jar:/home/fedja/.m2/repository/io/grpc/grpc-stub/1.59.1/grpc-stub-1.59.1.jar:/home/fedja/.m2/repository/io/grpc/grpc-xds/1.59.1/grpc-xds-1.59.1.jar:/home/fedja/.m2/repository/com/google/api/grpc/grpc-google-cloud-pubsub-v1/1.107.13/grpc-google-cloud-pubsub-v1-1.107.13.jar:/home/fedja/.m2/repository/com/google/api/grpc/grpc-google-cloud-pubsublite-v1/1.12.19/grpc-google-cloud-pubsublite-v1-1.12.19.jar:/home/fedja/.m2/repository/com/google/guava/guava/32.1.2-jre/guava-32.1.2-jre.jar:/home/fedja/.m2/repository/org/apache/httpcomponents/httpclient/4.5.13/httpclient-4.5.13.jar:/home/fedja/.m2/repository/org/apache/httpcomponents/httpcore/4.4.14/httpcore-4.4.14.jar:/home/fedja/.m2/repository/com/fasterxml/jackson/datatype/jackson-datatype-joda/2.14.1/jackson-datatype-joda-2.14.1.jar:/home/fedja/.m2/repository/com/fasterxml/jackson/datatype/jackson-datatype-jsr310/2.14.1/jackson-datatype-jsr310-2.14.1.jar:/home/fedja/.m2/repository/io/netty/netty-handler/4.1.87.Final/netty-handler-4.1.87.Final.jar:/home/fedja/.m2/repository/io/netty/netty-resolver/4.1.87.Final/netty-resolver-4.1.87.Final.jar:/home/fedja/.m2/repository/io/netty/netty-tcnative-boringssl-static/2.0.52.Final/netty-tcnative-boringssl-static-2.0.52.Final.jar:/home/fedja/.m2/repository/io/netty/netty-tcnative-classes/2.0.52.Final/netty-tcnative-classes-2.0.52.Final.jar:/home/fedja/.m2/repository/io/netty/netty-tcnative-boringssl-static/2.0.52.Final/netty-tcnative-boringssl-static-2.0.52.Final-linux-x86_64.jar:/home/fedja/.m2/repository/io/netty/netty-tcnative-boringssl-static/2.0.52.Final/netty-tcnative-boringssl-static-2.0.52.Final-linux-aarch_64.jar:/home/fedja/.m2/repository/io/netty/netty-tcnative-boringssl-static/2.0.52.Final/netty-tcnative-boringssl-static-2.0.52.Final-osx-x86_64.jar:/home/fedja/.m2/repository/io/netty/netty-tcnative-boringssl-static/2.0.52.Final/netty-tcnative-boringssl-static-2.0.52.Final-osx-aarch_64.jar:/home/fedja/.m2/repository/io/netty/netty-tcnative-boringssl-static/2.0.52.Final/netty-tcnative-boringssl-static-2.0.52.Final-windows-x86_64.jar:/home/fedja/.m2/repository/com/google/api/grpc/proto-google-cloud-bigquerystorage-v1/2.47.0/proto-google-cloud-bigquerystorage-v1-2.47.0.jar:/home/fedja/.m2/repository/com/google/api/grpc/proto-google-cloud-bigtable-v2/2.30.0/proto-google-cloud-bigtable-v2-2.30.0.jar:/home/fedja/.m2/repository/com/google/api/grpc/proto-google-cloud-datastore-v1/0.108.6/proto-google-cloud-datastore-v1-0.108.6.jar:/home/fedja/.m2/repository/com/google/api/grpc/proto-google-cloud-firestore-v1/3.15.7/proto-google-cloud-firestore-v1-3.15.7.jar:/home/fedja/.m2/repository/com/google/api/grpc/proto-google-cloud-pubsub-v1/1.107.13/proto-google-cloud-pubsub-v1-1.107.13.jar:/home/fedja/.m2/repository/com/google/api/grpc/proto-google-cloud-pubsublite-v1/1.12.19/proto-google-cloud-pubsublite-v1-1.12.19.jar:/home/fedja/.m2/repository/com/google/api/grpc/proto-google-cloud-spanner-admin-database-v1/6.45.3/proto-google-cloud-spanner-admin-database-v1-6.45.3.jar:/home/fedja/.m2/repository/com/google/api/grpc/proto-google-cloud-spanner-v1/6.45.3/proto-google-cloud-spanner-v1-6.45.3.jar:/home/fedja/.m2/repository/com/google/api/grpc/proto-google-common-protos/2.29.0/proto-google-common-protos-2.29.0.jar:/home/fedja/.m2/repository/com/google/protobuf/protobuf-java/3.25.1/protobuf-java-3.25.1.jar:/home/fedja/.m2/repository/com/google/protobuf/protobuf-java-util/3.25.1/protobuf-java-util-3.25.1.jar:/home/fedja/.m2/repository/org/apache/arrow/arrow-memory-core/5.0.0/arrow-memory-core-5.0.0.jar:/home/fedja/.m2/repository/org/apache/arrow/arrow-vector/5.0.0/arrow-vector-5.0.0.jar:/home/fedja/.m2/repository/com/google/http-client/google-http-client-gson/1.43.3/google-http-client-gson-1.43.3.jar:/home/fedja/.m2/repository/com/google/cloud/google-cloud-spanner/6.45.3/google-cloud-spanner-6.45.3.jar:/home/fedja/.m2/repository/com/google/cloud/grpc-gcp/1.5.0/grpc-gcp-1.5.0.jar:/home/fedja/.m2/repository/com/google/android/annotations/4.1.1.4/annotations-4.1.1.4.jar:/home/fedja/.m2/repository/org/codehaus/mojo/animal-sniffer-annotations/1.23/animal-sniffer-annotations-1.23.jar:/home/fedja/.m2/repository/io/perfmark/perfmark-api/0.26.0/perfmark-api-0.26.0.jar:/home/fedja/.m2/repository/io/grpc/grpc-protobuf-lite/1.59.1/grpc-protobuf-lite-1.59.1.jar:/home/fedja/.m2/repository/com/google/api/grpc/grpc-google-common-protos/2.29.0/grpc-google-common-protos-2.29.0.jar:/home/fedja/.m2/repository/com/google/guava/failureaccess/1.0.1/failureaccess-1.0.1.jar:/home/fedja/.m2/repository/com/google/guava/listenablefuture/9999.0-empty-to-avoid-conflict-with-guava/listenablefuture-9999.0-empty-to-avoid-conflict-with-guava.jar:/home/fedja/.m2/repository/com/google/j2objc/j2objc-annotations/2.8/j2objc-annotations-2.8.jar:/home/fedja/.m2/repository/com/google/api/grpc/proto-google-iam-v1/1.24.0/proto-google-iam-v1-1.24.0.jar:/home/fedja/.m2/repository/io/opencensus/opencensus-contrib-grpc-util/0.31.1/opencensus-contrib-grpc-util-0.31.1.jar:/home/fedja/.m2/repository/commons-logging/commons-logging/1.2/commons-logging-1.2.jar:/home/fedja/.m2/repository/io/opencensus/opencensus-contrib-http-util/0.31.1/opencensus-contrib-http-util-0.31.1.jar:/home/fedja/.m2/repository/com/google/api/grpc/proto-google-cloud-spanner-admin-instance-v1/6.45.3/proto-google-cloud-spanner-admin-instance-v1-6.45.3.jar:/home/fedja/.m2/repository/com/google/api/grpc/grpc-google-cloud-spanner-admin-instance-v1/6.45.3/grpc-google-cloud-spanner-admin-instance-v1-6.45.3.jar:/home/fedja/.m2/repository/com/google/api/grpc/grpc-google-cloud-spanner-v1/6.45.3/grpc-google-cloud-spanner-v1-6.45.3.jar:/home/fedja/.m2/repository/com/google/api/grpc/grpc-google-cloud-spanner-admin-database-v1/6.45.3/grpc-google-cloud-spanner-admin-database-v1-6.45.3.jar:/home/fedja/.m2/repository/org/conscrypt/conscrypt-openjdk-uber/2.5.2/conscrypt-openjdk-uber-2.5.2.jar:/home/fedja/.m2/repository/io/grpc/grpc-googleapis/1.59.1/grpc-googleapis-1.59.1.jar:/home/fedja/.m2/repository/io/opencensus/opencensus-proto/0.2.0/opencensus-proto-0.2.0.jar:/home/fedja/.m2/repository/io/grpc/grpc-services/1.59.1/grpc-services-1.59.1.jar:/home/fedja/.m2/repository/io/grpc/grpc-rls/1.59.1/grpc-rls-1.59.1.jar:/home/fedja/.m2/repository/javax/annotation/javax.annotation-api/1.3.2/javax.annotation-api-1.3.2.jar:/home/fedja/.m2/repository/org/threeten/threetenbp/1.4.4/threetenbp-1.4.4.jar:/home/fedja/.m2/repository/org/apache/beam/beam-sdks-java-extensions-google-cloud-platform-core/2.53.0/beam-sdks-java-extensions-google-cloud-platform-core-2.53.0.jar:/home/fedja/.m2/repository/com/google/cloud/bigdataoss/gcsio/2.2.16/gcsio-2.2.16.jar:/home/fedja/.m2/repository/com/google/api/grpc/grpc-google-cloud-storage-v2/2.30.1-alpha/grpc-google-cloud-storage-v2-2.30.1-alpha.jar:/home/fedja/.m2/repository/io/opencensus/opencensus-impl/0.31.0/opencensus-impl-0.31.0.jar:/home/fedja/.m2/repository/io/opencensus/opencensus-impl-core/0.31.0/opencensus-impl-core-0.31.0.jar:/home/fedja/.m2/repository/io/opencensus/opencensus-exporter-stats-stackdriver/0.31.0/opencensus-exporter-stats-stackdriver-0.31.0.jar:/home/fedja/.m2/repository/io/opencensus/opencensus-contrib-exemplar-util/0.31.0/opencensus-contrib-exemplar-util-0.31.0.jar:/home/fedja/.m2/repository/io/opencensus/opencensus-contrib-resource-util/0.31.0/opencensus-contrib-resource-util-0.31.0.jar:/home/fedja/.m2/repository/io/opencensus/opencensus-exporter-metrics-util/0.31.0/opencensus-exporter-metrics-util-0.31.0.jar:/home/fedja/.m2/repository/com/google/apis/google-api-services-cloudresourcemanager/v1-rev20230806-2.0.0/google-api-services-cloudresourcemanager-v1-rev20230806-2.0.0.jar:/home/fedja/.m2/repository/org/apache/beam/beam-sdks-java-extensions-protobuf/2.53.0/beam-sdks-java-extensions-protobuf-2.53.0.jar:/home/fedja/.m2/repository/org/apache/beam/beam-runners-google-cloud-dataflow-java/2.53.0/beam-runners-google-cloud-dataflow-java-2.53.0.jar:/home/fedja/.m2/repository/org/apache/beam/beam-sdks-java-io-kafka/2.53.0/beam-sdks-java-io-kafka-2.53.0.jar:/home/fedja/.m2/repository/io/confluent/kafka-avro-serializer/5.3.2/kafka-avro-serializer-5.3.2.jar:/home/fedja/.m2/repository/io/confluent/common-config/5.3.2/common-config-5.3.2.jar:/home/fedja/.m2/repository/io/confluent/common-utils/5.3.2/common-utils-5.3.2.jar:/home/fedja/.m2/repository/com/101tec/zkclient/0.10/zkclient-0.10.jar:/home/fedja/.m2/repository/io/confluent/kafka-schema-registry-client/5.3.2/kafka-schema-registry-client-5.3.2.jar:/home/fedja/.m2/repository/com/google/apis/google-api-services-dataflow/v1b3-rev20220920-2.0.0/google-api-services-dataflow-v1b3-rev20220920-2.0.0.jar:/home/fedja/.m2/repository/org/hamcrest/hamcrest/2.1/hamcrest-2.1.jar:/home/fedja/.m2/repository/org/apache/beam/beam-runners-direct-java/2.53.0/beam-runners-direct-java-2.53.0.jar:/home/fedja/.m2/repository/org/apache/beam/beam-sdks-java-io-jdbc/2.53.0/beam-sdks-java-io-jdbc-2.53.0.jar:/home/fedja/.m2/repository/org/apache/commons/commons-dbcp2/2.9.0/commons-dbcp2-2.9.0.jar:/home/fedja/.m2/repository/org/apache/commons/commons-pool2/2.11.1/commons-pool2-2.11.1.jar:/home/fedja/.m2/repository/org/apache/beam/beam-sdks-java-io-cassandra/2.53.0/beam-sdks-java-io-cassandra-2.53.0.jar:/home/fedja/.m2/repository/com/datastax/cassandra/cassandra-driver-mapping/3.10.2/cassandra-driver-mapping-3.10.2.jar:/home/fedja/.m2/repository/com/datastax/cassandra/cassandra-driver-core/3.6.0/cassandra-driver-core-3.6.0.jar:/home/fedja/.m2/repository/io/dropwizard/metrics/metrics-core/3.2.2/metrics-core-3.2.2.jar:/home/fedja/.m2/repository/com/github/jnr/jnr-ffi/2.1.7/jnr-ffi-2.1.7.jar:/home/fedja/.m2/repository/org/ow2/asm/asm-analysis/5.0.3/asm-analysis-5.0.3.jar:/home/fedja/.m2/repository/com/github/jnr/jnr-x86asm/1.0.2/jnr-x86asm-1.0.2.jar:/home/fedja/.m2/repository/com/github/jnr/jnr-posix/3.0.44/jnr-posix-3.0.44.jar:/home/fedja/.m2/repository/com/github/jnr/jnr-constants/0.9.9/jnr-constants-0.9.9.jar:/home/fedja/.m2/repository/org/apache/hadoop/hadoop-mapreduce-client-core/3.3.6/hadoop-mapreduce-client-core-3.3.6.jar:/home/fedja/.m2/repository/org/apache/hadoop/hadoop-yarn-client/3.3.6/hadoop-yarn-client-3.3.6.jar:/home/fedja/.m2/repository/org/eclipse/jetty/websocket/websocket-client/9.4.51.v20230217/websocket-client-9.4.51.v20230217.jar:/home/fedja/.m2/repository/org/eclipse/jetty/jetty-client/9.4.51.v20230217/jetty-client-9.4.51.v20230217.jar:/home/fedja/.m2/repository/org/eclipse/jetty/websocket/websocket-common/9.4.51.v20230217/websocket-common-9.4.51.v20230217.jar:/home/fedja/.m2/repository/org/eclipse/jetty/websocket/websocket-api/9.4.51.v20230217/websocket-api-9.4.51.v20230217.jar:/home/fedja/.m2/repository/org/apache/hadoop/hadoop-yarn-api/3.3.6/hadoop-yarn-api-3.3.6.jar:/home/fedja/.m2/repository/org/jline/jline/3.9.0/jline-3.9.0.jar:/home/fedja/.m2/repository/org/apache/hadoop/hadoop-yarn-common/3.3.6/hadoop-yarn-common-3.3.6.jar:/home/fedja/.m2/repository/javax/xml/bind/jaxb-api/2.2.11/jaxb-api-2.2.11.jar:/home/fedja/.m2/repository/com/sun/jersey/jersey-client/1.19.4/jersey-client-1.19.4.jar:/home/fedja/.m2/repository/com/google/inject/guice/4.0/guice-4.0.jar:/home/fedja/.m2/repository/javax/inject/javax.inject/1/javax.inject-1.jar:/home/fedja/.m2/repository/aopalliance/aopalliance/1.0/aopalliance-1.0.jar:/home/fedja/.m2/repository/com/sun/jersey/contribs/jersey-guice/1.19.4/jersey-guice-1.19.4.jar:/home/fedja/.m2/repository/com/fasterxml/jackson/module/jackson-module-jaxb-annotations/2.14.1/jackson-module-jaxb-annotations-2.14.1.jar:/home/fedja/.m2/repository/com/fasterxml/jackson/jaxrs/jackson-jaxrs-json-provider/2.14.1/jackson-jaxrs-json-provider-2.14.1.jar:/home/fedja/.m2/repository/com/fasterxml/jackson/jaxrs/jackson-jaxrs-base/2.14.1/jackson-jaxrs-base-2.14.1.jar:/home/fedja/.m2/repository/org/apache/hadoop/hadoop-hdfs-client/3.3.6/hadoop-hdfs-client-3.3.6.jar:/home/fedja/.m2/repository/com/squareup/okhttp3/okhttp/4.9.3/okhttp-4.9.3.jar:/home/fedja/.m2/repository/org/jetbrains/kotlin/kotlin-stdlib/1.4.10/kotlin-stdlib-1.4.10.jar:/home/fedja/.m2/repository/org/jetbrains/kotlin/kotlin-stdlib-common/1.4.10/kotlin-stdlib-common-1.4.10.jar:/home/fedja/.m2/repository/org/slf4j/slf4j-reload4j/1.7.36/slf4j-reload4j-1.7.36.jar:/home/fedja/.m2/repository/org/apache/hadoop/hadoop-annotations/3.3.6/hadoop-annotations-3.3.6.jar:/home/fedja/.m2/repository/com/google/inject/extensions/guice-servlet/4.0/guice-servlet-4.0.jar:/home/fedja/.m2/repository/io/netty/netty/3.10.6.Final/netty-3.10.6.Final.jar:/home/fedja/.m2/repository/org/apache/hadoop/hadoop-common/3.3.6/hadoop-common-3.3.6.jar:/home/fedja/.m2/repository/org/apache/hadoop/thirdparty/hadoop-shaded-protobuf_3_7/1.1.1/hadoop-shaded-protobuf_3_7-1.1.1.jar:/home/fedja/.m2/repository/org/apache/hadoop/thirdparty/hadoop-shaded-guava/1.1.1/hadoop-shaded-guava-1.1.1.jar:/home/fedja/.m2/repository/commons-cli/commons-cli/1.2/commons-cli-1.2.jar:/home/fedja/.m2/repository/org/apache/commons/commons-math3/3.1.1/commons-math3-3.1.1.jar:/home/fedja/.m2/repository/commons-net/commons-net/3.9.0/commons-net-3.9.0.jar:/home/fedja/.m2/repository/commons-collections/commons-collections/3.2.2/commons-collections-3.2.2.jar:/home/fedja/.m2/repository/javax/servlet/javax.servlet-api/3.1.0/javax.servlet-api-3.1.0.jar:/home/fedja/.m2/repository/jakarta/activation/jakarta.activation-api/1.2.1/jakarta.activation-api-1.2.1.jar:/home/fedja/.m2/repository/org/eclipse/jetty/jetty-server/9.4.51.v20230217/jetty-server-9.4.51.v20230217.jar:/home/fedja/.m2/repository/org/eclipse/jetty/jetty-http/9.4.51.v20230217/jetty-http-9.4.51.v20230217.jar:/home/fedja/.m2/repository/org/eclipse/jetty/jetty-io/9.4.51.v20230217/jetty-io-9.4.51.v20230217.jar:/home/fedja/.m2/repository/org/eclipse/jetty/jetty-util/9.4.51.v20230217/jetty-util-9.4.51.v20230217.jar:/home/fedja/.m2/repository/org/eclipse/jetty/jetty-servlet/9.4.51.v20230217/jetty-servlet-9.4.51.v20230217.jar:/home/fedja/.m2/repository/org/eclipse/jetty/jetty-security/9.4.51.v20230217/jetty-security-9.4.51.v20230217.jar:/home/fedja/.m2/repository/org/eclipse/jetty/jetty-util-ajax/9.4.51.v20230217/jetty-util-ajax-9.4.51.v20230217.jar:/home/fedja/.m2/repository/org/eclipse/jetty/jetty-webapp/9.4.51.v20230217/jetty-webapp-9.4.51.v20230217.jar:/home/fedja/.m2/repository/org/eclipse/jetty/jetty-xml/9.4.51.v20230217/jetty-xml-9.4.51.v20230217.jar:/home/fedja/.m2/repository/javax/servlet/jsp/jsp-api/2.1/jsp-api-2.1.jar:/home/fedja/.m2/repository/com/sun/jersey/jersey-core/1.19.4/jersey-core-1.19.4.jar:/home/fedja/.m2/repository/javax/ws/rs/jsr311-api/1.1.1/jsr311-api-1.1.1.jar:/home/fedja/.m2/repository/com/sun/jersey/jersey-servlet/1.19.4/jersey-servlet-1.19.4.jar:/home/fedja/.m2/repository/com/github/pjfanning/jersey-json/1.20/jersey-json-1.20.jar:/home/fedja/.m2/repository/org/codehaus/jettison/jettison/1.5.4/jettison-1.5.4.jar:/home/fedja/.m2/repository/com/sun/xml/bind/jaxb-impl/2.2.3-1/jaxb-impl-2.2.3-1.jar:/home/fedja/.m2/repository/com/sun/jersey/jersey-server/1.19.4/jersey-server-1.19.4.jar:/home/fedja/.m2/repository/ch/qos/reload4j/reload4j/1.2.22/reload4j-1.2.22.jar:/home/fedja/.m2/repository/commons-beanutils/commons-beanutils/1.9.4/commons-beanutils-1.9.4.jar:/home/fedja/.m2/repository/org/apache/commons/commons-configuration2/2.8.0/commons-configuration2-2.8.0.jar:/home/fedja/.m2/repository/org/apache/hadoop/hadoop-auth/3.3.6/hadoop-auth-3.3.6.jar:/home/fedja/.m2/repository/com/nimbusds/nimbus-jose-jwt/9.8.1/nimbus-jose-jwt-9.8.1.jar:/home/fedja/.m2/repository/org/apache/curator/curator-framework/5.2.0/curator-framework-5.2.0.jar:/home/fedja/.m2/repository/org/apache/kerby/kerb-simplekdc/1.0.1/kerb-simplekdc-1.0.1.jar:/home/fedja/.m2/repository/org/apache/kerby/kerb-client/1.0.1/kerb-client-1.0.1.jar:/home/fedja/.m2/repository/org/apache/kerby/kerby-config/1.0.1/kerby-config-1.0.1.jar:/home/fedja/.m2/repository/org/apache/kerby/kerb-common/1.0.1/kerb-common-1.0.1.jar:/home/fedja/.m2/repository/org/apache/kerby/kerb-crypto/1.0.1/kerb-crypto-1.0.1.jar:/home/fedja/.m2/repository/org/apache/kerby/kerb-util/1.0.1/kerb-util-1.0.1.jar:/home/fedja/.m2/repository/org/apache/kerby/token-provider/1.0.1/token-provider-1.0.1.jar:/home/fedja/.m2/repository/org/apache/kerby/kerb-admin/1.0.1/kerb-admin-1.0.1.jar:/home/fedja/.m2/repository/org/apache/kerby/kerb-server/1.0.1/kerb-server-1.0.1.jar:/home/fedja/.m2/repository/org/apache/kerby/kerb-identity/1.0.1/kerb-identity-1.0.1.jar:/home/fedja/.m2/repository/org/apache/kerby/kerby-xdr/1.0.1/kerby-xdr-1.0.1.jar:/home/fedja/.m2/repository/com/jcraft/jsch/0.1.55/jsch-0.1.55.jar:/home/fedja/.m2/repository/org/apache/curator/curator-client/5.2.0/curator-client-5.2.0.jar:/home/fedja/.m2/repository/org/apache/curator/curator-recipes/5.2.0/curator-recipes-5.2.0.jar:/home/fedja/.m2/repository/org/apache/zookeeper/zookeeper/3.6.3/zookeeper-3.6.3.jar:/home/fedja/.m2/repository/org/apache/zookeeper/zookeeper-jute/3.6.3/zookeeper-jute-3.6.3.jar:/home/fedja/.m2/repository/io/netty/netty-transport-native-epoll/4.1.63.Final/netty-transport-native-epoll-4.1.63.Final.jar:/home/fedja/.m2/repository/org/slf4j/slf4j-log4j12/1.7.25/slf4j-log4j12-1.7.25.jar:/home/fedja/.m2/repository/log4j/log4j/1.2.17/log4j-1.2.17.jar:/home/fedja/.m2/repository/org/apache/kerby/kerb-core/1.0.1/kerb-core-1.0.1.jar:/home/fedja/.m2/repository/org/apache/kerby/kerby-pkix/1.0.1/kerby-pkix-1.0.1.jar:/home/fedja/.m2/repository/org/apache/kerby/kerby-asn1/1.0.1/kerby-asn1-1.0.1.jar:/home/fedja/.m2/repository/org/apache/kerby/kerby-util/1.0.1/kerby-util-1.0.1.jar:/home/fedja/.m2/repository/org/codehaus/woodstox/stax2-api/4.2.1/stax2-api-4.2.1.jar:/home/fedja/.m2/repository/com/fasterxml/woodstox/woodstox-core/5.4.0/woodstox-core-5.4.0.jar:/home/fedja/.m2/repository/dnsjava/dnsjava/2.1.7/dnsjava-2.1.7.jar:/home/fedja/.m2/repository/org/apache/hbase/hbase-common/2.5.3-hadoop3/hbase-common-2.5.3-hadoop3.jar:/home/fedja/.m2/repository/org/apache/hbase/hbase-logging/2.5.3-hadoop3/hbase-logging-2.5.3-hadoop3.jar:/home/fedja/.m2/repository/org/apache/hbase/thirdparty/hbase-shaded-miscellaneous/4.1.4/hbase-shaded-miscellaneous-4.1.4.jar:/home/fedja/.m2/repository/org/apache/hbase/thirdparty/hbase-shaded-gson/4.1.4/hbase-shaded-gson-4.1.4.jar:/home/fedja/.m2/repository/org/apache/hbase/thirdparty/hbase-shaded-netty/4.1.4/hbase-shaded-netty-4.1.4.jar:/home/fedja/.m2/repository/org/apache/hbase/thirdparty/hbase-unsafe/4.1.4/hbase-unsafe-4.1.4.jar:/home/fedja/.m2/repository/io/opentelemetry/opentelemetry-api/1.15.0/opentelemetry-api-1.15.0.jar:/home/fedja/.m2/repository/io/opentelemetry/opentelemetry-context/1.15.0/opentelemetry-context-1.15.0.jar:/home/fedja/.m2/repository/io/opentelemetry/opentelemetry-semconv/1.15.0-alpha/opentelemetry-semconv-1.15.0-alpha.jar:/home/fedja/.m2/repository/org/apache/commons/commons-crypto/1.1.0/commons-crypto-1.1.0.jar:/home/fedja/.m2/repository/org/apache/yetus/audience-annotations/0.13.0/audience-annotations-0.13.0.jar:/home/fedja/.m2/repository/com/google/auto/service/auto-service/1.0.2/auto-service-1.0.2.jar:/home/fedja/.m2/repository/com/google/auto/service/auto-service-annotations/1.0.2/auto-service-annotations-1.0.2.jar:/home/fedja/.m2/repository/com/google/auto/auto-common/1.2.1/auto-common-1.2.1.jar:/home/fedja/.m2/repository/org/apache/commons/commons-lang3/3.12.0/commons-lang3-3.12.0.jar:/home/fedja/.m2/repository/com/google/http-client/google-http-client/1.43.3/google-http-client-1.43.3.jar:/home/fedja/.m2/repository/com/google/http-client/google-http-client-apache-v2/1.43.3/google-http-client-apache-v2-1.43.3.jar:/home/fedja/.m2/repository/org/openjdk/nashorn/nashorn-core/15.4/nashorn-core-15.4.jar:/home/fedja/.m2/repository/org/ow2/asm/asm/7.3.1/asm-7.3.1.jar:/home/fedja/.m2/repository/org/ow2/asm/asm-commons/7.3.1/asm-commons-7.3.1.jar:/home/fedja/.m2/repository/org/ow2/asm/asm-tree/7.3.1/asm-tree-7.3.1.jar:/home/fedja/.m2/repository/org/ow2/asm/asm-util/7.3.1/asm-util-7.3.1.jar:/home/fedja/.m2/repository/com/github/ben-manes/caffeine/caffeine/3.1.8/caffeine-3.1.8.jar:/home/fedja/.m2/repository/com/google/cloud/teleport/it-google-cloud-platform/1.0-SNAPSHOT/it-google-cloud-platform-1.0-SNAPSHOT.jar:/home/fedja/.m2/repository/org/apache/beam/beam-it-common/2.53.0/beam-it-common-2.53.0.jar:/home/fedja/.m2/repository/org/apache/beam/beam-it-conditions/2.53.0/beam-it-conditions-2.53.0.jar:/home/fedja/.m2/repository/org/apache/beam/beam-it-truthmatchers/2.53.0/beam-it-truthmatchers-2.53.0.jar:/home/fedja/.m2/repository/org/apache/parquet/parquet-avro/1.12.0/parquet-avro-1.12.0.jar:/home/fedja/.m2/repository/org/apache/parquet/parquet-format-structures/1.12.0/parquet-format-structures-1.12.0.jar:/home/fedja/.m2/repository/com/google/cloud/google-cloud-storage/2.30.1/google-cloud-storage-2.30.1.jar:/home/fedja/.m2/repository/com/google/api/grpc/proto-google-cloud-storage-v2/2.30.1-alpha/proto-google-cloud-storage-v2-2.30.1-alpha.jar:/home/fedja/.m2/repository/com/google/api/grpc/gapic-google-cloud-storage-v2/2.30.1-alpha/gapic-google-cloud-storage-v2-2.30.1-alpha.jar:/home/fedja/.m2/repository/com/google/cloud/google-cloud-monitoring/3.32.0/google-cloud-monitoring-3.32.0.jar:/home/fedja/.m2/repository/com/google/cloud/google-cloud-datastore/2.17.6/google-cloud-datastore-2.17.6.jar:/home/fedja/.m2/repository/com/google/api/grpc/grpc-google-cloud-datastore-admin-v1/2.17.6/grpc-google-cloud-datastore-admin-v1-2.17.6.jar:/home/fedja/.m2/repository/com/google/api/grpc/proto-google-cloud-datastore-admin-v1/2.17.6/proto-google-cloud-datastore-admin-v1-2.17.6.jar:/home/fedja/.m2/repository/com/google/cloud/google-cloud-datastream/1.30.0/google-cloud-datastream-1.30.0.jar:/home/fedja/.m2/repository/com/google/api/grpc/proto-google-cloud-datastream-v1/1.30.0/proto-google-cloud-datastream-v1-1.30.0.jar:/home/fedja/.m2/repository/com/google/api/grpc/proto-google-cloud-datastream-v1alpha1/0.35.0/proto-google-cloud-datastream-v1alpha1-0.35.0.jar:/home/fedja/.m2/repository/org/awaitility/awaitility/4.2.0/awaitility-4.2.0.jar:/home/fedja/.m2/repository/com/github/spotbugs/spotbugs-annotations/3.1.12/spotbugs-annotations-3.1.12.jar:/home/fedja/.m2/repository/org/slf4j/slf4j-simple/1.7.36/slf4j-simple-1.7.36.jar:/home/fedja/.m2/repository/dev/failsafe/failsafe/3.3.0/failsafe-3.3.0.jar:/home/fedja/.m2/repository/org/apache/beam/beam-it-jdbc/2.53.0/beam-it-jdbc-2.53.0.jar:/home/fedja/.m2/repository/org/apache/beam/beam-it-testcontainers/2.53.0/beam-it-testcontainers-2.53.0.jar:/home/fedja/.m2/repository/org/testcontainers/jdbc/1.17.3/jdbc-1.17.3.jar:/home/fedja/.m2/repository/org/testcontainers/database-commons/1.17.3/database-commons-1.17.3.jar:/home/fedja/.m2/repository/org/testcontainers/postgresql/1.17.3/postgresql-1.17.3.jar:/home/fedja/.m2/repository/org/testcontainers/mysql/1.17.3/mysql-1.17.3.jar:/home/fedja/.m2/repository/org/testcontainers/oracle-xe/1.17.3/oracle-xe-1.17.3.jar:/home/fedja/.m2/repository/org/testcontainers/mssqlserver/1.17.3/mssqlserver-1.17.3.jar:/home/fedja/.m2/repository/org/apache/beam/beam-it-cassandra/2.53.0/beam-it-cassandra-2.53.0.jar:/home/fedja/.m2/repository/org/testcontainers/cassandra/1.17.3/cassandra-1.17.3.jar:/home/fedja/.m2/repository/com/datastax/oss/java-driver-core/4.15.0/java-driver-core-4.15.0.jar:/home/fedja/.m2/repository/com/datastax/oss/native-protocol/1.5.1/native-protocol-1.5.1.jar:/home/fedja/.m2/repository/com/datastax/oss/java-driver-shaded-guava/25.1-jre-graal-sub-1/java-driver-shaded-guava-25.1-jre-graal-sub-1.jar:/home/fedja/.m2/repository/com/typesafe/config/1.4.1/config-1.4.1.jar:/home/fedja/.m2/repository/org/hdrhistogram/HdrHistogram/2.1.12/HdrHistogram-2.1.12.jar:/home/fedja/.m2/repository/org/reactivestreams/reactive-streams/1.0.3/reactive-streams-1.0.3.jar:/home/fedja/.m2/repository/com/github/stephenc/jcip/jcip-annotations/1.0-1/jcip-annotations-1.0-1.jar:/home/fedja/.m2/repository/org/apache/beam/beam-it-splunk/2.53.0/beam-it-splunk-2.53.0.jar:/home/fedja/.m2/repository/org/apache/beam/beam-sdks-java-io-splunk/2.53.0/beam-sdks-java-io-splunk-2.53.0.jar:/home/fedja/.m2/repository/com/splunk/splunk/1.9.4/splunk-1.9.4.jar:/home/fedja/.m2/repository/net/sf/opencsv/opencsv/2.3/opencsv-2.3.jar:/home/fedja/.m2/repository/com/google/cloud/teleport/it-datadog/1.0-SNAPSHOT/it-datadog-1.0-SNAPSHOT.jar:/home/fedja/.m2/repository/org/testcontainers/mockserver/1.18.3/mockserver-1.18.3.jar:/home/fedja/.m2/repository/org/testcontainers/testcontainers/1.18.3/testcontainers-1.18.3.jar:/home/fedja/.m2/repository/org/rnorth/duct-tape/duct-tape/1.0.8/duct-tape-1.0.8.jar:/home/fedja/.m2/repository/org/jetbrains/annotations/17.0.0/annotations-17.0.0.jar:/home/fedja/.m2/repository/com/github/docker-java/docker-java-api/3.3.0/docker-java-api-3.3.0.jar:/home/fedja/.m2/repository/com/github/docker-java/docker-java-transport-zerodep/3.3.0/docker-java-transport-zerodep-3.3.0.jar:/home/fedja/.m2/repository/com/github/docker-java/docker-java-transport/3.3.0/docker-java-transport-3.3.0.jar:/home/fedja/.m2/repository/net/java/dev/jna/jna/5.12.1/jna-5.12.1.jar:/home/fedja/.m2/repository/org/mock-server/mockserver-client-java/5.14.0/mockserver-client-java-5.14.0.jar:/home/fedja/.m2/repository/org/json/json/20231013/json-20231013.jar:/home/fedja/.m2/repository/org/hamcrest/hamcrest-core/2.1/hamcrest-core-2.1.jar:/home/fedja/.m2/repository/org/hamcrest/hamcrest-library/2.1/hamcrest-library-2.1.jar:/home/fedja/.m2/repository/org/mockito/mockito-core/4.11.0/mockito-core-4.11.0.jar:/home/fedja/.m2/repository/net/bytebuddy/byte-buddy-agent/1.12.19/byte-buddy-agent-1.12.19.jar:/home/fedja/.m2/repository/org/objenesis/objenesis/3.3/objenesis-3.3.jar:/home/fedja/.m2/repository/org/apache/derby/derby/10.14.2.0/derby-10.14.2.0.jar:/home/fedja/.m2/repository/org/apache/derby/derbyclient/10.14.2.0/derbyclient-10.14.2.0.jar:/home/fedja/.m2/repository/org/apache/derby/derbynet/10.14.2.0/derbynet-10.14.2.0.jar:/home/fedja/.m2/repository/org/junit/jupiter/junit-jupiter-api/5.5.2/junit-jupiter-api-5.5.2.jar:/home/fedja/.m2/repository/org/apiguardian/apiguardian-api/1.1.0/apiguardian-api-1.1.0.jar:/home/fedja/.m2/repository/org/opentest4j/opentest4j/1.2.0/opentest4j-1.2.0.jar:/home/fedja/.m2/repository/org/junit/platform/junit-platform-commons/1.5.2/junit-platform-commons-1.5.2.jar:/home/fedja/.m2/repository/com/google/truth/truth/1.1.5/truth-1.1.5.jar:/home/fedja/.m2/repository/org/mock-server/mockserver-netty/5.14.0/mockserver-netty-5.14.0.jar:/home/fedja/.m2/repository/org/mock-server/mockserver-core/5.14.0/mockserver-core-5.14.0.jar:/home/fedja/.m2/repository/com/lmax/disruptor/3.4.4/disruptor-3.4.4.jar:/home/fedja/.m2/repository/io/netty/netty-codec-socks/4.1.79.Final/netty-codec-socks-4.1.79.Final.jar:/home/fedja/.m2/repository/com/jcraft/jzlib/1.1.3/jzlib-1.1.3.jar:/home/fedja/.m2/repository/com/fasterxml/uuid/java-uuid-generator/4.0.1/java-uuid-generator-4.0.1.jar:/home/fedja/.m2/repository/org/bouncycastle/bcprov-jdk18on/1.71/bcprov-jdk18on-1.71.jar:/home/fedja/.m2/repository/org/bouncycastle/bcpkix-jdk18on/1.71/bcpkix-jdk18on-1.71.jar:/home/fedja/.m2/repository/org/bouncycastle/bcutil-jdk18on/1.71/bcutil-jdk18on-1.71.jar:/home/fedja/.m2/repository/org/apache/velocity/velocity-engine-scripting/2.3/velocity-engine-scripting-2.3.jar:/home/fedja/.m2/repository/org/apache/velocity/velocity-engine-core/2.3/velocity-engine-core-2.3.jar:/home/fedja/.m2/repository/org/apache/velocity/tools/velocity-tools-generic/3.1/velocity-tools-generic-3.1.jar:/home/fedja/.m2/repository/org/apache/commons/commons-digester3/3.2/commons-digester3-3.2.jar:/home/fedja/.m2/repository/com/github/cliftonlabs/json-simple/3.0.2/json-simple-3.0.2.jar:/home/fedja/.m2/repository/com/samskivert/jmustache/1.15/jmustache-1.15.jar:/home/fedja/.m2/repository/net/javacrumbs/json-unit/json-unit-core/2.35.0/json-unit-core-2.35.0.jar:/home/fedja/.m2/repository/com/networknt/json-schema-validator/1.0.72/json-schema-validator-1.0.72.jar:/home/fedja/.m2/repository/com/ethlo/time/itu/1.7.0/itu-1.7.0.jar:/home/fedja/.m2/repository/com/jayway/jsonpath/json-path/2.7.0/json-path-2.7.0.jar:/home/fedja/.m2/repository/net/minidev/json-smart/2.4.7/json-smart-2.4.7.jar:/home/fedja/.m2/repository/net/minidev/accessors-smart/2.4.7/accessors-smart-2.4.7.jar:/home/fedja/.m2/repository/io/swagger/parser/v3/swagger-parser/2.1.2/swagger-parser-2.1.2.jar:/home/fedja/.m2/repository/io/swagger/parser/v3/swagger-parser-v2-converter/2.1.2/swagger-parser-v2-converter-2.1.2.jar:/home/fedja/.m2/repository/io/swagger/swagger-core/1.6.6/swagger-core-1.6.6.jar:/home/fedja/.m2/repository/io/swagger/swagger-models/1.6.6/swagger-models-1.6.6.jar:/home/fedja/.m2/repository/io/swagger/swagger-annotations/1.6.6/swagger-annotations-1.6.6.jar:/home/fedja/.m2/repository/io/swagger/swagger-parser/1.0.61/swagger-parser-1.0.61.jar:/home/fedja/.m2/repository/io/swagger/swagger-compat-spec-parser/1.0.61/swagger-compat-spec-parser-1.0.61.jar:/home/fedja/.m2/repository/com/github/java-json-tools/json-schema-validator/2.2.14/json-schema-validator-2.2.14.jar:/home/fedja/.m2/repository/com/github/java-json-tools/jackson-coreutils-equivalence/1.0/jackson-coreutils-equivalence-1.0.jar:/home/fedja/.m2/repository/com/github/java-json-tools/json-schema-core/1.2.14/json-schema-core-1.2.14.jar:/home/fedja/.m2/repository/com/github/java-json-tools/uri-template/0.10/uri-template-0.10.jar:/home/fedja/.m2/repository/org/mozilla/rhino/1.7.7.2/rhino-1.7.7.2.jar:/home/fedja/.m2/repository/com/sun/mail/mailapi/1.6.2/mailapi-1.6.2.jar:/home/fedja/.m2/repository/com/googlecode/libphonenumber/libphonenumber/8.11.1/libphonenumber-8.11.1.jar:/home/fedja/.m2/repository/net/sf/jopt-simple/jopt-simple/5.0.4/jopt-simple-5.0.4.jar:/home/fedja/.m2/repository/com/github/java-json-tools/json-patch/1.13/json-patch-1.13.jar:/home/fedja/.m2/repository/com/github/java-json-tools/msg-simple/1.2/msg-simple-1.2.jar:/home/fedja/.m2/repository/com/github/java-json-tools/btf/1.3/btf-1.3.jar:/home/fedja/.m2/repository/com/github/java-json-tools/jackson-coreutils/2.0/jackson-coreutils-2.0.jar:/home/fedja/.m2/repository/io/swagger/core/v3/swagger-models/2.2.2/swagger-models-2.2.2.jar:/home/fedja/.m2/repository/io/swagger/parser/v3/swagger-parser-core/2.1.2/swagger-parser-core-2.1.2.jar:/home/fedja/.m2/repository/io/swagger/parser/v3/swagger-parser-v3/2.1.2/swagger-parser-v3-2.1.2.jar:/home/fedja/.m2/repository/io/swagger/core/v3/swagger-core/2.2.2/swagger-core-2.2.2.jar:/home/fedja/.m2/repository/io/swagger/core/v3/swagger-annotations/2.2.2/swagger-annotations-2.2.2.jar:/home/fedja/.m2/repository/jakarta/validation/jakarta.validation-api/2.0.2/jakarta.validation-api-2.0.2.jar:/home/fedja/.m2/repository/jakarta/xml/bind/jakarta.xml.bind-api/3.0.1/jakarta.xml.bind-api-3.0.1.jar:/home/fedja/.m2/repository/com/sun/activation/jakarta.activation/2.0.1/jakarta.activation-2.0.1.jar:/home/fedja/.m2/repository/org/xmlunit/xmlunit-core/2.9.0/xmlunit-core-2.9.0.jar:/home/fedja/.m2/repository/org/xmlunit/xmlunit-placeholders/2.9.0/xmlunit-placeholders-2.9.0.jar:/home/fedja/.m2/repository/io/netty/netty-buffer/4.1.79.Final/netty-buffer-4.1.79.Final.jar:/home/fedja/.m2/repository/io/netty/netty-codec/4.1.79.Final/netty-codec-4.1.79.Final.jar:/home/fedja/.m2/repository/io/netty/netty-codec-http/4.1.79.Final/netty-codec-http-4.1.79.Final.jar:/home/fedja/.m2/repository/io/netty/netty-common/4.1.79.Final/netty-common-4.1.79.Final.jar:/home/fedja/.m2/repository/io/netty/netty-transport/4.1.79.Final/netty-transport-4.1.79.Final.jar:/home/fedja/.m2/repository/org/mock-server/mockserver-junit-rule/5.14.0/mockserver-junit-rule-5.14.0.jar:/home/fedja/.m2/repository/mysql/mysql-connector-java/8.0.30/mysql-connector-java-8.0.30.jar:/home/fedja/.m2/repository/org/postgresql/postgresql/42.6.0/postgresql-42.6.0.jar:/home/fedja/.m2/repository/com/oracle/database/jdbc/ojdbc8/23.2.0.0/ojdbc8-23.2.0.0.jar:/home/fedja/.m2/repository/com/microsoft/sqlserver/mssql-jdbc/12.2.0.jre11/mssql-jdbc-12.2.0.jre11.jar:/home/fedja/.m2/repository/org/scassandra/java-client/1.1.2/java-client-1.1.2.jar:/home/fedja/.m2/repository/org/scassandra/scassandra-server_2.11/1.1.2/scassandra-server_2.11-1.1.2.jar:/home/fedja/.m2/repository/io/spray/spray-can_2.11/1.3.3/spray-can_2.11-1.3.3.jar:/home/fedja/.m2/repository/io/spray/spray-io_2.11/1.3.3/spray-io_2.11-1.3.3.jar:/home/fedja/.m2/repository/io/spray/spray-http_2.11/1.3.3/spray-http_2.11-1.3.3.jar:/home/fedja/.m2/repository/org/parboiled/parboiled-scala_2.11/1.1.7/parboiled-scala_2.11-1.1.7.jar:/home/fedja/.m2/repository/org/parboiled/parboiled-core/1.1.7/parboiled-core-1.1.7.jar:/home/fedja/.m2/repository/io/spray/spray-util_2.11/1.3.3/spray-util_2.11-1.3.3.jar:/home/fedja/.m2/repository/com/typesafe/scala-logging/scala-logging_2.11/3.1.0/scala-logging_2.11-3.1.0.jar:/home/fedja/.m2/repository/org/scala-lang/scala-reflect/2.11.1/scala-reflect-2.11.1.jar:/home/fedja/.m2/repository/com/typesafe/akka/akka-actor_2.11/2.3.9/akka-actor_2.11-2.3.9.jar:/home/fedja/.m2/repository/io/spray/spray-routing-shapeless23_2.11/1.3.3/spray-routing-shapeless23_2.11-1.3.3.jar:/home/fedja/.m2/repository/io/spray/spray-httpx_2.11/1.3.3/spray-httpx_2.11-1.3.3.jar:/home/fedja/.m2/repository/org/scala-lang/modules/scala-xml_2.11/1.0.3/scala-xml_2.11-1.0.3.jar:/home/fedja/.m2/repository/org/jvnet/mimepull/mimepull/1.9.5/mimepull-1.9.5.jar:/home/fedja/.m2/repository/com/chuusai/shapeless_2.11/2.3.0/shapeless_2.11-2.3.0.jar:/home/fedja/.m2/repository/org/typelevel/macro-compat_2.11/1.1.1/macro-compat_2.11-1.1.1.jar:/home/fedja/.m2/repository/io/spray/spray-json_2.11/1.3.2/spray-json_2.11-1.3.2.jar:/home/fedja/.m2/repository/org/scassandra/scassandra-codec_2.11/1.1.2/scassandra-codec_2.11-1.1.2.jar:/home/fedja/.m2/repository/org/scodec/scodec-core_2.11/1.10.2/scodec-core_2.11-1.10.2.jar:/home/fedja/.m2/repository/org/scodec/scodec-bits_2.11/1.1.0/scodec-bits_2.11-1.1.0.jar:/home/fedja/.m2/repository/com/typesafe/akka/akka-remote_2.11/2.3.9/akka-remote_2.11-2.3.9.jar:/home/fedja/.m2/repository/org/uncommons/maths/uncommons-maths/1.2.2a/uncommons-maths-1.2.2a.jar:/home/fedja/.m2/repository/com/typesafe/akka/akka-slf4j_2.11/2.3.9/akka-slf4j_2.11-2.3.9.jar:/home/fedja/.m2/repository/org/scala-lang/scala-library/2.11.8/scala-library-2.11.8.jar:/home/fedja/.m2/repository/org/scassandra/cql-antlr/1.1.2/cql-antlr-1.1.2.jar:/home/fedja/.m2/repository/org/antlr/antlr4-runtime/4.5/antlr4-runtime-4.5.jar:/home/fedja/.m2/repository/org/abego/treelayout/org.abego.treelayout.core/1.0.1/org.abego.treelayout.core-1.0.1.jar:/home/fedja/.m2/repository/com/google/re2j/re2j/1.6/re2j-1.6.jar:/home/fedja/.m2/repository/com/google/cloud/google-cloud-bigquery/2.35.0/google-cloud-bigquery-2.35.0.jar:/home/fedja/.m2/repository/com/google/cloud/google-cloud-core-http/2.28.0/google-cloud-core-http-2.28.0.jar:/home/fedja/.m2/repository/com/google/http-client/google-http-client-appengine/1.43.3/google-http-client-appengine-1.43.3.jar:/home/fedja/.m2/repository/org/checkerframework/checker-compat-qual/2.5.6/checker-compat-qual-2.5.6.jar:/home/fedja/.m2/repository/org/threeten/threeten-extra/1.7.2/threeten-extra-1.7.2.jar:/home/fedja/.m2/repository/io/grpc/grpc-util/1.59.1/grpc-util-1.59.1.jar:/home/fedja/.m2/repository/com/google/api/grpc/proto-google-cloud-bigquerystorage-v1beta1/0.171.0/proto-google-cloud-bigquerystorage-v1beta1-0.171.0.jar:/home/fedja/.m2/repository/com/google/api/grpc/proto-google-cloud-bigquerystorage-v1beta2/0.171.0/proto-google-cloud-bigquerystorage-v1beta2-0.171.0.jar:/home/fedja/.m2/repository/io/grpc/grpc-inprocess/1.59.1/grpc-inprocess-1.59.1.jar:/home/fedja/.m2/repository/com/google/api/grpc/grpc-google-cloud-bigquerystorage-v1beta1/0.171.0/grpc-google-cloud-bigquerystorage-v1beta1-0.171.0.jar:/home/fedja/.m2/repository/com/google/api/grpc/grpc-google-cloud-bigquerystorage-v1beta2/0.171.0/grpc-google-cloud-bigquerystorage-v1beta2-0.171.0.jar:/home/fedja/.m2/repository/com/google/api/grpc/grpc-google-cloud-bigquerystorage-v1/2.47.0/grpc-google-cloud-bigquerystorage-v1-2.47.0.jar:/home/fedja/.m2/repository/org/apache/arrow/arrow-format/14.0.1/arrow-format-14.0.1.jar:/home/fedja/.m2/repository/com/google/flatbuffers/flatbuffers-java/1.12.0/flatbuffers-java-1.12.0.jar:/home/fedja/.m2/repository/org/apache/arrow/arrow-memory-netty/14.0.1/arrow-memory-netty-14.0.1.jar:/home/fedja/.m2/repository/com/google/cloud/google-cloud-bigtable/2.30.0/google-cloud-bigtable-2.30.0.jar:/home/fedja/.m2/repository/com/google/cloud/google-cloud-bigtable-stats/2.30.0/google-cloud-bigtable-stats-2.30.0.jar:/home/fedja/.m2/repository/com/google/api/grpc/grpc-google-cloud-bigtable-v2/2.30.0/grpc-google-cloud-bigtable-v2-2.30.0.jar:/home/fedja/.m2/repository/com/google/api/grpc/proto-google-cloud-bigtable-admin-v2/2.30.0/proto-google-cloud-bigtable-admin-v2-2.30.0.jar:/home/fedja/.m2/repository/com/google/api/grpc/proto-google-cloud-monitoring-v3/3.32.0/proto-google-cloud-monitoring-v3-3.32.0.jar:/home/fedja/.m2/repository/com/google/cloud/bigtable/bigtable-beam-import/1.27.1/bigtable-beam-import-1.27.1.jar:/home/fedja/.m2/repository/com/google/cloud/bigtable/bigtable-hbase-beam/1.27.1/bigtable-hbase-beam-1.27.1.jar:/home/fedja/.m2/repository/org/apache/beam/beam-sdks-java-io-hbase/2.53.0/beam-sdks-java-io-hbase-2.53.0.jar:/home/fedja/.m2/repository/com/google/cloud/bigtable/bigtable-hbase-1.x-shaded/1.27.1/bigtable-hbase-1.x-shaded-1.27.1.jar:/home/fedja/.m2/repository/org/apache/beam/beam-sdks-java-io-hadoop-common/2.53.0/beam-sdks-java-io-hadoop-common-2.53.0.jar:/home/fedja/.m2/repository/org/apache/beam/beam-sdks-java-io-hadoop-format/2.53.0/beam-sdks-java-io-hadoop-format-2.53.0.jar:/home/fedja/.m2/repository/org/apache/hbase/hbase-shaded-server/1.4.12/hbase-shaded-server-1.4.12.jar:/home/fedja/.m2/repository/org/apache/htrace/htrace-core/3.1.0-incubating/htrace-core-3.1.0-incubating.jar:/home/fedja/.m2/repository/com/github/stephenc/findbugs/findbugs-annotations/1.3.9-1/findbugs-annotations-1.3.9-1.jar:/home/fedja/.m2/repository/com/squareup/okhttp/okhttp/2.7.5/okhttp-2.7.5.jar:/home/fedja/.m2/repository/com/squareup/okio/okio/1.6.0/okio-1.6.0.jar:/home/fedja/.m2/repository/org/apache/logging/log4j/log4j-api/2.17.2/log4j-api-2.17.2.jar:/home/fedja/.m2/repository/com/google/cloud/bigdataoss/gcs-connector/hadoop2-2.1.4/gcs-connector-hadoop2-2.1.4-shaded.jar:/home/fedja/.m2/repository/com/google/api-client/google-api-client-java6/1.30.10/google-api-client-java6-1.30.10.jar:/home/fedja/.m2/repository/com/google/oauth-client/google-oauth-client-java6/1.34.1/google-oauth-client-java6-1.34.1.jar:/home/fedja/.m2/repository/com/google/cloud/bigdataoss/util-hadoop/hadoop2-2.1.4/util-hadoop-hadoop2-2.1.4.jar:/home/fedja/.m2/repository/com/google/flogger/flogger-slf4j-backend/0.5.1/flogger-slf4j-backend-0.5.1.jar:/home/fedja/.m2/repository/org/apache/beam/beam-vendor-guava-26_0-jre/0.1/beam-vendor-guava-26_0-jre-0.1.jar:/home/fedja/.m2/repository/com/google/auto/value/auto-value/1.10.4/auto-value-1.10.4.jar:/home/fedja/.m2/repository/com/google/auto/value/auto-value-annotations/1.10.4/auto-value-annotations-1.10.4.jar:/home/fedja/.m2/repository/org/apache/commons/commons-csv/1.8/commons-csv-1.8.jar:/home/fedja/.m2/repository/org/apache/commons/commons-text/1.10.0/commons-text-1.10.0.jar:/home/fedja/.m2/repository/commons-codec/commons-codec/1.16.0/commons-codec-1.16.0.jar:/home/fedja/.m2/repository/commons-io/commons-io/2.11.0/commons-io-2.11.0.jar:/home/fedja/.m2/repository/org/apache/beam/beam-sdks-java-io-parquet/2.53.0/beam-sdks-java-io-parquet-2.53.0.jar:/home/fedja/.m2/repository/org/apache/parquet/parquet-column/1.12.0/parquet-column-1.12.0.jar:/home/fedja/.m2/repository/org/apache/parquet/parquet-encoding/1.12.0/parquet-encoding-1.12.0.jar:/home/fedja/.m2/repository/org/apache/parquet/parquet-common/1.12.0/parquet-common-1.12.0.jar:/home/fedja/.m2/repository/org/apache/parquet/parquet-hadoop/1.12.0/parquet-hadoop-1.12.0.jar:/home/fedja/.m2/repository/org/apache/parquet/parquet-jackson/1.12.0/parquet-jackson-1.12.0.jar:/home/fedja/.m2/repository/commons-pool/commons-pool/1.6/commons-pool-1.6.jar:/home/fedja/.m2/repository/com/github/luben/zstd-jni/1.4.9-1/zstd-jni-1.4.9-1.jar:/home/fedja/.m2/repository/org/apache/kafka/kafka-clients/1.0.0/kafka-clients-1.0.0.jar:/home/fedja/.m2/repository/org/lz4/lz4-java/1.4/lz4-java-1.4.jar:/home/fedja/.m2/repository/org/springframework/spring-expression/5.2.22.RELEASE/spring-expression-5.2.22.RELEASE.jar:/home/fedja/.m2/repository/org/springframework/spring-core/5.2.22.RELEASE/spring-core-5.2.22.RELEASE.jar:/home/fedja/.m2/repository/org/springframework/spring-jcl/5.2.22.RELEASE/spring-jcl-5.2.22.RELEASE.jar:/home/fedja/.m2/repository/io/opencensus/opencensus-api/0.24.0/opencensus-api-0.24.0.jar:/home/fedja/.m2/repository/junit/junit/4.13.2/junit-4.13.2.jar:/home/fedja/.m2/repository/com/google/cloud/google-cloud-dlp/2.1.0/google-cloud-dlp-2.1.0.jar:/home/fedja/.m2/repository/com/google/api/grpc/proto-google-cloud-dlp-v2/3.35.0/proto-google-cloud-dlp-v2-3.35.0.jar:/home/fedja/.m2/repository/com/google/cloud/google-cloud-kms/1.40.0/google-cloud-kms-1.40.0.jar:/home/fedja/.m2/repository/com/google/api/grpc/proto-google-cloud-kms-v1/0.87.0/proto-google-cloud-kms-v1-0.87.0.jar:/home/fedja/.m2/repository/org/tensorflow/proto/1.15.0/proto-1.15.0.jar:/home/fedja/.m2/repository/com/google/cloud/google-cloud-secretmanager/2.31.0/google-cloud-secretmanager-2.31.0.jar:/home/fedja/.m2/repository/com/google/api/grpc/proto-google-cloud-secretmanager-v1/2.31.0/proto-google-cloud-secretmanager-v1-2.31.0.jar:/home/fedja/.m2/repository/com/google/api/grpc/proto-google-cloud-secretmanager-v1beta1/2.31.0/proto-google-cloud-secretmanager-v1beta1-2.31.0.jar:"/>
    <property name="test" value="com.google.cloud.teleport.templates.common.DatastoreConvertersTest#testCheckNoKeyAllInvalid"/>
    <property name="nondexExecid" value="fvWzX+eZSyyea2FdIUPuutDqFhI+gd1zXaVtoEzzQ4="/>
    <property name="sun.cpu.endian" value="little"/>
    <property name="user.home" value="/home/fedja"/>
    <property name="user.language" value="en"/>
    <property name="java.specification.vendor" value="Oracle Corporation"/>
    <property name="java.version.date" value="2023-10-17"/>
    <property name="java.home" value="/usr/lib/jvm/java-11-openjdk-amd64"/>
    <property name="basedir" value="/home/fedja/Desktop/fix/DataflowTemplates/v1"/>
    <property name="file.separator" value="/"/>
    <property name="java.vm.compressedOopsMode" value="Zero based"/>
    <property name="nondexEnd" value="9223372036854775807"/>
    <property name="line.separator" value="&#10;"/>
    <property name="java.vm.specification.vendor" value="Oracle Corporation"/>
    <property name="java.specification.name" value="Java Platform API Specification"/>
    <property name="java.awt.graphicsenv" value="sun.awt.X11GraphicsEnvironment"/>
    <property name="nondexFilter" value=".*"/>
    <property name="nondexSeed" value="1057510"/>
    <property name="surefire.real.class.path" value="/home/fedja/Desktop/fix/DataflowTemplates/v1/target/surefire/surefirebooter6393472397763106689.jar"/>
    <property name="sun.management.compiler" value="HotSpot 64-Bit Tiered Compilers"/>
    <property name="java.runtime.version" value="11.0.21+9-post-Ubuntu-0ubuntu122.04"/>
    <property name="user.name" value="fedja"/>
    <property name="path.separator" value=":"/>
    <property name="os.version" value="6.5.0-17-generic"/>
    <property name="java.runtime.name" value="OpenJDK Runtime Environment"/>
    <property name="file.encoding" value="UTF-8"/>
    <property name="java.vm.name" value="OpenJDK 64-Bit Server VM"/>
    <property name="localRepository" value="/home/fedja/.m2/repository"/>
    <property name="nondexDir" value="/home/fedja/Desktop/fix/DataflowTemplates/v1/.nondex"/>
    <property name="nondexJarDir" value="/home/fedja/Desktop/fix/DataflowTemplates/v1/.nondex"/>
    <property name="java.vendor.url.bug" value="https://bugs.launchpad.net/ubuntu/+source/openjdk-lts"/>
    <property name="java.io.tmpdir" value="/tmp"/>
    <property name="java.version" value="11.0.21"/>
    <property name="user.dir" value="/home/fedja/Desktop/fix/DataflowTemplates/v1"/>
    <property name="os.arch" value="amd64"/>
    <property name="nondexMode" value="FULL"/>
    <property name="java.vm.specification.name" value="Java Virtual Machine Specification"/>
    <property name="java.awt.printerjob" value="sun.print.PSPrinterJob"/>
    <property name="sun.os.patch.level" value="unknown"/>
    <property name="java.library.path" value="/usr/java/packages/lib:/usr/lib/x86_64-linux-gnu/jni:/lib/x86_64-linux-gnu:/usr/lib/x86_64-linux-gnu:/usr/lib/jni:/lib:/usr/lib"/>
    <property name="java.vendor" value="Ubuntu"/>
    <property name="java.vm.info" value="mixed mode"/>
    <property name="java.vm.version" value="11.0.21+9-post-Ubuntu-0ubuntu122.04"/>
    <property name="java.specification.maintenance.version" value="2"/>
    <property name="sun.io.unicode.encoding" value="UnicodeLittle"/>
    <property name="java.class.version" value="55.0"/>
  </properties>
  <testcase name="testCheckNoKeyAllInvalid" classname="com.google.cloud.teleport.templates.common.DatastoreConvertersTest" time="3.969"/>
</testsuite>